{"contracts/interfaces/IERC1155Burnable.sol":{"l":{},"path":"/Users/ivanlieskov/Desktop/Pokemons/contracts/interfaces/IERC1155Burnable.sol","s":{},"b":{},"f":{},"fnMap":{},"statementMap":{},"branchMap":{}},"contracts/interfaces/IERC20Burnable.sol":{"l":{},"path":"/Users/ivanlieskov/Desktop/Pokemons/contracts/interfaces/IERC20Burnable.sol","s":{},"b":{},"f":{},"fnMap":{},"statementMap":{},"branchMap":{}},"contracts/Level.sol":{"l":{"41":707,"42":706,"43":705,"44":705,"57":47,"58":45,"59":45,"60":45,"70":3,"71":2,"72":2,"79":2,"88":3,"89":2,"90":2},"path":"/Users/ivanlieskov/Desktop/Pokemons/contracts/Level.sol","s":{"1":707,"2":706,"3":705,"4":705,"5":47,"6":45,"7":45,"8":45,"9":3,"10":2,"11":2,"12":2,"13":3,"14":2,"15":2},"b":{"1":[706,1],"2":[705,1],"3":[45,2],"4":[2,1],"5":[2,1]},"f":{"1":707,"2":47,"3":3,"4":2,"5":3},"fnMap":{"1":{"name":"constructor","line":40,"loc":{"start":{"line":40,"column":4},"end":{"line":45,"column":4}}},"2":{"name":"buyLevelTokens","line":56,"loc":{"start":{"line":56,"column":4},"end":{"line":61,"column":4}}},"3":{"name":"setTokenPrice","line":69,"loc":{"start":{"line":69,"column":4},"end":{"line":73,"column":4}}},"4":{"name":"getTokenPrice","line":78,"loc":{"start":{"line":78,"column":4},"end":{"line":80,"column":4}}},"5":{"name":"withdrawETH","line":87,"loc":{"start":{"line":87,"column":4},"end":{"line":91,"column":4}}}},"statementMap":{"1":{"start":{"line":41,"column":8},"end":{"line":41,"column":64}},"2":{"start":{"line":42,"column":8},"end":{"line":42,"column":52}},"3":{"start":{"line":43,"column":8},"end":{"line":43,"column":40}},"4":{"start":{"line":44,"column":8},"end":{"line":44,"column":32}},"5":{"start":{"line":57,"column":8},"end":{"line":57,"column":72}},"6":{"start":{"line":58,"column":8},"end":{"line":58,"column":61}},"7":{"start":{"line":59,"column":8},"end":{"line":59,"column":32}},"8":{"start":{"line":60,"column":8},"end":{"line":60,"column":49}},"9":{"start":{"line":70,"column":8},"end":{"line":70,"column":68}},"10":{"start":{"line":71,"column":8},"end":{"line":71,"column":35}},"11":{"start":{"line":72,"column":8},"end":{"line":72,"column":60}},"12":{"start":{"line":79,"column":8},"end":{"line":79,"column":26}},"13":{"start":{"line":88,"column":8},"end":{"line":88,"column":65}},"14":{"start":{"line":89,"column":8},"end":{"line":89,"column":40}},"15":{"start":{"line":90,"column":8},"end":{"line":90,"column":50}}},"branchMap":{"1":{"line":41,"type":"if","locations":[{"start":{"line":41,"column":8},"end":{"line":41,"column":8}},{"start":{"line":41,"column":8},"end":{"line":41,"column":8}}]},"2":{"line":42,"type":"if","locations":[{"start":{"line":42,"column":8},"end":{"line":42,"column":8}},{"start":{"line":42,"column":8},"end":{"line":42,"column":8}}]},"3":{"line":57,"type":"if","locations":[{"start":{"line":57,"column":8},"end":{"line":57,"column":8}},{"start":{"line":57,"column":8},"end":{"line":57,"column":8}}]},"4":{"line":70,"type":"if","locations":[{"start":{"line":70,"column":8},"end":{"line":70,"column":8}},{"start":{"line":70,"column":8},"end":{"line":70,"column":8}}]},"5":{"line":88,"type":"if","locations":[{"start":{"line":88,"column":8},"end":{"line":88,"column":8}},{"start":{"line":88,"column":8},"end":{"line":88,"column":8}}]}}},"contracts/mocks/MockedPokemons.sol":{"l":{"35":14,"36":14},"path":"/Users/ivanlieskov/Desktop/Pokemons/contracts/mocks/MockedPokemons.sol","s":{"1":14,"2":14},"b":{},"f":{"1":477,"2":14},"fnMap":{"1":{"name":"constructor","line":28,"loc":{"start":{"line":22,"column":4},"end":{"line":28,"column":73}}},"2":{"name":"mintPokemons","line":34,"loc":{"start":{"line":34,"column":4},"end":{"line":37,"column":4}}}},"statementMap":{"1":{"start":{"line":35,"column":8},"end":{"line":35,"column":36}},"2":{"start":{"line":36,"column":8},"end":{"line":36,"column":57}}},"branchMap":{}},"contracts/Pokemons.sol":{"l":{"106":1086,"107":1085,"108":1084,"109":1083,"110":1083,"111":1083,"112":1083,"113":1083,"114":1083,"115":1083,"131":293,"132":292,"133":290,"135":290,"136":290,"137":290,"158":15,"159":15,"160":14,"161":14,"162":4,"164":9,"191":4,"192":3,"193":3,"194":3,"214":9,"215":8,"216":8,"217":8,"218":8,"228":30,"229":2,"231":1,"233":1,"235":1,"237":4,"239":1,"241":2,"243":1,"245":1,"247":1,"249":1,"251":1,"253":1,"255":1,"257":1,"267":3,"268":2,"269":2,"280":4,"281":3,"282":2,"283":2,"295":3,"296":2,"297":2,"308":3,"309":2,"310":2,"321":3,"322":2,"323":2,"334":3,"335":2,"336":2,"343":1,"350":2,"357":2,"364":2,"371":2,"378":1},"path":"/Users/ivanlieskov/Desktop/Pokemons/contracts/Pokemons.sol","s":{"1":1086,"2":1085,"3":1084,"4":1083,"5":1083,"6":1083,"7":1083,"8":1083,"9":1083,"10":1083,"11":293,"12":292,"13":290,"14":290,"15":290,"16":15,"17":15,"18":14,"19":14,"20":4,"21":10,"22":9,"23":1,"24":4,"25":3,"26":3,"27":9,"28":8,"29":8,"30":8,"31":30,"32":2,"33":28,"34":1,"35":27,"36":1,"37":26,"38":1,"39":25,"40":4,"41":21,"42":1,"43":20,"44":2,"45":18,"46":1,"47":17,"48":1,"49":16,"50":1,"51":15,"52":1,"53":14,"54":1,"55":13,"56":1,"57":12,"58":1,"59":11,"60":1,"61":10,"62":3,"63":2,"64":2,"65":4,"66":3,"67":2,"68":2,"69":3,"70":2,"71":2,"72":3,"73":2,"74":2,"75":3,"76":2,"77":2,"78":3,"79":2,"80":2,"81":1,"82":2,"83":2,"84":2,"85":2,"86":1},"b":{"1":[1085,1],"2":[1084,1],"3":[1083,1],"4":[1083,0],"5":[1083,0],"6":[292,1],"7":[290,2],"8":[15,0],"9":[14,1],"10":[4,10],"11":[9,1],"12":[2,28],"13":[1,27],"14":[1,26],"15":[1,25],"16":[4,21],"17":[1,20],"18":[2,18],"19":[1,17],"20":[1,16],"21":[1,15],"22":[1,14],"23":[1,13],"24":[1,12],"25":[1,11],"26":[1,10],"27":[2,1],"28":[3,1],"29":[2,1],"30":[2,1],"31":[2,1],"32":[2,1],"33":[2,1]},"f":{"1":1086,"2":293,"3":15,"4":4,"5":9,"6":30,"7":3,"8":4,"9":3,"10":3,"11":3,"12":3,"13":1,"14":2,"15":2,"16":2,"17":2,"18":1},"fnMap":{"1":{"name":"constructor","line":99,"loc":{"start":{"line":99,"column":4},"end":{"line":116,"column":4}}},"2":{"name":"mintPokemon","line":130,"loc":{"start":{"line":130,"column":4},"end":{"line":138,"column":4}}},"3":{"name":"evolvePokemon","line":157,"loc":{"start":{"line":157,"column":4},"end":{"line":166,"column":4}}},"4":{"name":"evolveWithStone","line":186,"loc":{"start":{"line":186,"column":4},"end":{"line":195,"column":4}}},"5":{"name":"evolveWithLevel","line":213,"loc":{"start":{"line":213,"column":4},"end":{"line":219,"column":4}}},"6":{"name":"checkAvailableEvolve","line":227,"loc":{"start":{"line":227,"column":4},"end":{"line":259,"column":4}}},"7":{"name":"withdrawETH","line":266,"loc":{"start":{"line":266,"column":4},"end":{"line":270,"column":4}}},"8":{"name":"setMaxSupply","line":279,"loc":{"start":{"line":279,"column":4},"end":{"line":284,"column":4}}},"9":{"name":"setMintFee","line":294,"loc":{"start":{"line":294,"column":4},"end":{"line":298,"column":4}}},"10":{"name":"setEvolveLevelFee","line":307,"loc":{"start":{"line":307,"column":4},"end":{"line":311,"column":4}}},"11":{"name":"setNewLevelContract","line":320,"loc":{"start":{"line":320,"column":4},"end":{"line":324,"column":4}}},"12":{"name":"setNewStonesContract","line":333,"loc":{"start":{"line":333,"column":4},"end":{"line":337,"column":4}}},"13":{"name":"getMaxSupply","line":342,"loc":{"start":{"line":342,"column":4},"end":{"line":344,"column":4}}},"14":{"name":"getMintFee","line":349,"loc":{"start":{"line":349,"column":4},"end":{"line":351,"column":4}}},"15":{"name":"getEvolveLevelFee","line":356,"loc":{"start":{"line":356,"column":4},"end":{"line":358,"column":4}}},"16":{"name":"getLevelAddress","line":363,"loc":{"start":{"line":363,"column":4},"end":{"line":365,"column":4}}},"17":{"name":"getStonesAddress","line":370,"loc":{"start":{"line":370,"column":4},"end":{"line":372,"column":4}}},"18":{"name":"getTotalSupply","line":377,"loc":{"start":{"line":377,"column":4},"end":{"line":379,"column":4}}}},"statementMap":{"1":{"start":{"line":106,"column":8},"end":{"line":106,"column":52}},"2":{"start":{"line":107,"column":8},"end":{"line":107,"column":67}},"3":{"start":{"line":108,"column":8},"end":{"line":108,"column":59}},"4":{"start":{"line":109,"column":8},"end":{"line":109,"column":69}},"5":{"start":{"line":110,"column":8},"end":{"line":110,"column":72}},"6":{"start":{"line":111,"column":8},"end":{"line":111,"column":26}},"7":{"start":{"line":112,"column":8},"end":{"line":112,"column":40}},"8":{"start":{"line":113,"column":8},"end":{"line":113,"column":30}},"9":{"start":{"line":114,"column":8},"end":{"line":114,"column":38}},"10":{"start":{"line":115,"column":8},"end":{"line":115,"column":42}},"11":{"start":{"line":131,"column":8},"end":{"line":131,"column":75}},"12":{"start":{"line":132,"column":8},"end":{"line":132,"column":58}},"13":{"start":{"line":133,"column":8},"end":{"line":133,"column":4782}},"14":{"start":{"line":136,"column":8},"end":{"line":136,"column":45}},"15":{"start":{"line":137,"column":8},"end":{"line":137,"column":66}},"16":{"start":{"line":158,"column":8},"end":{"line":158,"column":75}},"17":{"start":{"line":159,"column":8},"end":{"line":159,"column":81}},"18":{"start":{"line":160,"column":8},"end":{"line":160,"column":98}},"19":{"start":{"line":161,"column":8},"end":{"line":161,"column":6267}},"20":{"start":{"line":162,"column":12},"end":{"line":162,"column":77}},"21":{"start":{"line":163,"column":15},"end":{"line":163,"column":6394}},"22":{"start":{"line":164,"column":12},"end":{"line":164,"column":42}},"23":{"start":{"line":165,"column":15},"end":{"line":165,"column":47}},"24":{"start":{"line":191,"column":8},"end":{"line":191,"column":52}},"25":{"start":{"line":192,"column":8},"end":{"line":192,"column":46}},"26":{"start":{"line":194,"column":8},"end":{"line":194,"column":107}},"27":{"start":{"line":214,"column":8},"end":{"line":214,"column":51}},"28":{"start":{"line":215,"column":8},"end":{"line":215,"column":49}},"29":{"start":{"line":216,"column":8},"end":{"line":216,"column":45}},"30":{"start":{"line":218,"column":8},"end":{"line":218,"column":88}},"31":{"start":{"line":228,"column":8},"end":{"line":228,"column":9395}},"32":{"start":{"line":229,"column":12},"end":{"line":229,"column":26}},"33":{"start":{"line":230,"column":15},"end":{"line":230,"column":9490}},"34":{"start":{"line":231,"column":12},"end":{"line":231,"column":64}},"35":{"start":{"line":232,"column":15},"end":{"line":232,"column":9624}},"36":{"start":{"line":233,"column":12},"end":{"line":233,"column":61}},"37":{"start":{"line":234,"column":15},"end":{"line":234,"column":9752}},"38":{"start":{"line":235,"column":12},"end":{"line":235,"column":61}},"39":{"start":{"line":236,"column":15},"end":{"line":236,"column":9880}},"40":{"start":{"line":237,"column":12},"end":{"line":237,"column":61}},"41":{"start":{"line":238,"column":15},"end":{"line":238,"column":10008}},"42":{"start":{"line":239,"column":12},"end":{"line":239,"column":60}},"43":{"start":{"line":240,"column":15},"end":{"line":240,"column":10134}},"44":{"start":{"line":241,"column":12},"end":{"line":241,"column":62}},"45":{"start":{"line":242,"column":15},"end":{"line":242,"column":10264}},"46":{"start":{"line":243,"column":12},"end":{"line":243,"column":70}},"47":{"start":{"line":244,"column":15},"end":{"line":244,"column":10410}},"48":{"start":{"line":245,"column":12},"end":{"line":245,"column":62}},"49":{"start":{"line":246,"column":15},"end":{"line":246,"column":10540}},"50":{"start":{"line":247,"column":12},"end":{"line":247,"column":61}},"51":{"start":{"line":248,"column":15},"end":{"line":248,"column":10668}},"52":{"start":{"line":249,"column":12},"end":{"line":249,"column":66}},"53":{"start":{"line":250,"column":15},"end":{"line":250,"column":10806}},"54":{"start":{"line":251,"column":12},"end":{"line":251,"column":67}},"55":{"start":{"line":252,"column":15},"end":{"line":252,"column":10945}},"56":{"start":{"line":253,"column":12},"end":{"line":253,"column":67}},"57":{"start":{"line":254,"column":15},"end":{"line":254,"column":11084}},"58":{"start":{"line":255,"column":12},"end":{"line":255,"column":68}},"59":{"start":{"line":256,"column":15},"end":{"line":256,"column":11225}},"60":{"start":{"line":257,"column":12},"end":{"line":257,"column":62}},"61":{"start":{"line":258,"column":15},"end":{"line":258,"column":30}},"62":{"start":{"line":267,"column":8},"end":{"line":267,"column":65}},"63":{"start":{"line":268,"column":8},"end":{"line":268,"column":40}},"64":{"start":{"line":269,"column":8},"end":{"line":269,"column":50}},"65":{"start":{"line":280,"column":8},"end":{"line":280,"column":59}},"66":{"start":{"line":281,"column":8},"end":{"line":281,"column":90}},"67":{"start":{"line":282,"column":8},"end":{"line":282,"column":30}},"68":{"start":{"line":283,"column":8},"end":{"line":283,"column":41}},"69":{"start":{"line":295,"column":8},"end":{"line":295,"column":58}},"70":{"start":{"line":296,"column":8},"end":{"line":296,"column":29}},"71":{"start":{"line":297,"column":8},"end":{"line":297,"column":37}},"72":{"start":{"line":308,"column":8},"end":{"line":308,"column":64}},"73":{"start":{"line":309,"column":8},"end":{"line":309,"column":40}},"74":{"start":{"line":310,"column":8},"end":{"line":310,"column":46}},"75":{"start":{"line":321,"column":8},"end":{"line":321,"column":68}},"76":{"start":{"line":322,"column":8},"end":{"line":322,"column":38}},"77":{"start":{"line":323,"column":8},"end":{"line":323,"column":37}},"78":{"start":{"line":334,"column":8},"end":{"line":334,"column":70}},"79":{"start":{"line":335,"column":8},"end":{"line":335,"column":42}},"80":{"start":{"line":336,"column":8},"end":{"line":336,"column":39}},"81":{"start":{"line":343,"column":8},"end":{"line":343,"column":25}},"82":{"start":{"line":350,"column":8},"end":{"line":350,"column":23}},"83":{"start":{"line":357,"column":8},"end":{"line":357,"column":30}},"84":{"start":{"line":364,"column":8},"end":{"line":364,"column":21}},"85":{"start":{"line":371,"column":8},"end":{"line":371,"column":22}},"86":{"start":{"line":378,"column":8},"end":{"line":378,"column":27}}},"branchMap":{"1":{"line":106,"type":"if","locations":[{"start":{"line":106,"column":8},"end":{"line":106,"column":8}},{"start":{"line":106,"column":8},"end":{"line":106,"column":8}}]},"2":{"line":107,"type":"if","locations":[{"start":{"line":107,"column":8},"end":{"line":107,"column":8}},{"start":{"line":107,"column":8},"end":{"line":107,"column":8}}]},"3":{"line":108,"type":"if","locations":[{"start":{"line":108,"column":8},"end":{"line":108,"column":8}},{"start":{"line":108,"column":8},"end":{"line":108,"column":8}}]},"4":{"line":109,"type":"if","locations":[{"start":{"line":109,"column":8},"end":{"line":109,"column":8}},{"start":{"line":109,"column":8},"end":{"line":109,"column":8}}]},"5":{"line":110,"type":"if","locations":[{"start":{"line":110,"column":8},"end":{"line":110,"column":8}},{"start":{"line":110,"column":8},"end":{"line":110,"column":8}}]},"6":{"line":131,"type":"if","locations":[{"start":{"line":131,"column":8},"end":{"line":131,"column":8}},{"start":{"line":131,"column":8},"end":{"line":131,"column":8}}]},"7":{"line":132,"type":"if","locations":[{"start":{"line":132,"column":8},"end":{"line":132,"column":8}},{"start":{"line":132,"column":8},"end":{"line":132,"column":8}}]},"8":{"line":158,"type":"if","locations":[{"start":{"line":158,"column":8},"end":{"line":158,"column":8}},{"start":{"line":158,"column":8},"end":{"line":158,"column":8}}]},"9":{"line":159,"type":"if","locations":[{"start":{"line":159,"column":8},"end":{"line":159,"column":8}},{"start":{"line":159,"column":8},"end":{"line":159,"column":8}}]},"10":{"line":161,"type":"if","locations":[{"start":{"line":161,"column":8},"end":{"line":161,"column":8}},{"start":{"line":161,"column":8},"end":{"line":161,"column":8}}]},"11":{"line":163,"type":"if","locations":[{"start":{"line":163,"column":15},"end":{"line":163,"column":15}},{"start":{"line":163,"column":15},"end":{"line":163,"column":15}}]},"12":{"line":228,"type":"if","locations":[{"start":{"line":228,"column":8},"end":{"line":228,"column":8}},{"start":{"line":228,"column":8},"end":{"line":228,"column":8}}]},"13":{"line":230,"type":"if","locations":[{"start":{"line":230,"column":15},"end":{"line":230,"column":15}},{"start":{"line":230,"column":15},"end":{"line":230,"column":15}}]},"14":{"line":232,"type":"if","locations":[{"start":{"line":232,"column":15},"end":{"line":232,"column":15}},{"start":{"line":232,"column":15},"end":{"line":232,"column":15}}]},"15":{"line":234,"type":"if","locations":[{"start":{"line":234,"column":15},"end":{"line":234,"column":15}},{"start":{"line":234,"column":15},"end":{"line":234,"column":15}}]},"16":{"line":236,"type":"if","locations":[{"start":{"line":236,"column":15},"end":{"line":236,"column":15}},{"start":{"line":236,"column":15},"end":{"line":236,"column":15}}]},"17":{"line":238,"type":"if","locations":[{"start":{"line":238,"column":15},"end":{"line":238,"column":15}},{"start":{"line":238,"column":15},"end":{"line":238,"column":15}}]},"18":{"line":240,"type":"if","locations":[{"start":{"line":240,"column":15},"end":{"line":240,"column":15}},{"start":{"line":240,"column":15},"end":{"line":240,"column":15}}]},"19":{"line":242,"type":"if","locations":[{"start":{"line":242,"column":15},"end":{"line":242,"column":15}},{"start":{"line":242,"column":15},"end":{"line":242,"column":15}}]},"20":{"line":244,"type":"if","locations":[{"start":{"line":244,"column":15},"end":{"line":244,"column":15}},{"start":{"line":244,"column":15},"end":{"line":244,"column":15}}]},"21":{"line":246,"type":"if","locations":[{"start":{"line":246,"column":15},"end":{"line":246,"column":15}},{"start":{"line":246,"column":15},"end":{"line":246,"column":15}}]},"22":{"line":248,"type":"if","locations":[{"start":{"line":248,"column":15},"end":{"line":248,"column":15}},{"start":{"line":248,"column":15},"end":{"line":248,"column":15}}]},"23":{"line":250,"type":"if","locations":[{"start":{"line":250,"column":15},"end":{"line":250,"column":15}},{"start":{"line":250,"column":15},"end":{"line":250,"column":15}}]},"24":{"line":252,"type":"if","locations":[{"start":{"line":252,"column":15},"end":{"line":252,"column":15}},{"start":{"line":252,"column":15},"end":{"line":252,"column":15}}]},"25":{"line":254,"type":"if","locations":[{"start":{"line":254,"column":15},"end":{"line":254,"column":15}},{"start":{"line":254,"column":15},"end":{"line":254,"column":15}}]},"26":{"line":256,"type":"if","locations":[{"start":{"line":256,"column":15},"end":{"line":256,"column":15}},{"start":{"line":256,"column":15},"end":{"line":256,"column":15}}]},"27":{"line":267,"type":"if","locations":[{"start":{"line":267,"column":8},"end":{"line":267,"column":8}},{"start":{"line":267,"column":8},"end":{"line":267,"column":8}}]},"28":{"line":280,"type":"if","locations":[{"start":{"line":280,"column":8},"end":{"line":280,"column":8}},{"start":{"line":280,"column":8},"end":{"line":280,"column":8}}]},"29":{"line":281,"type":"if","locations":[{"start":{"line":281,"column":8},"end":{"line":281,"column":8}},{"start":{"line":281,"column":8},"end":{"line":281,"column":8}}]},"30":{"line":295,"type":"if","locations":[{"start":{"line":295,"column":8},"end":{"line":295,"column":8}},{"start":{"line":295,"column":8},"end":{"line":295,"column":8}}]},"31":{"line":308,"type":"if","locations":[{"start":{"line":308,"column":8},"end":{"line":308,"column":8}},{"start":{"line":308,"column":8},"end":{"line":308,"column":8}}]},"32":{"line":321,"type":"if","locations":[{"start":{"line":321,"column":8},"end":{"line":321,"column":8}},{"start":{"line":321,"column":8},"end":{"line":321,"column":8}}]},"33":{"line":334,"type":"if","locations":[{"start":{"line":334,"column":8},"end":{"line":334,"column":8}},{"start":{"line":334,"column":8},"end":{"line":334,"column":8}}]}}},"contracts/PokemonStorage.sol":{"l":{"33":556,"40":32,"47":34,"54":31,"61":35,"68":27,"75":28,"82":20,"89":22,"96":21,"103":17,"110":16,"117":15,"124":14,"131":13,"138":1,"153":1086,"154":1086,"155":1086,"156":1086,"157":1086,"158":1086,"159":1086,"160":1086,"161":1086,"162":1086,"163":1086,"164":1086,"165":1086,"166":1086,"167":1086,"168":1086,"169":1086,"170":1086,"171":1086,"172":1086,"173":1086,"174":1086,"175":1086,"176":1086,"177":1086,"178":1086,"179":1086,"180":1086,"181":1086,"182":1086,"183":1086,"184":1086,"185":1086,"186":1086,"187":1086,"188":1086,"189":1086,"190":1086,"191":1086,"192":1086,"193":1086,"194":1086,"195":1086,"197":1086,"198":1086,"199":1086,"200":1086,"201":1086,"202":1086,"203":1086,"204":1086,"205":1086,"206":1086,"207":1086,"208":1086,"209":1086,"210":1086,"211":1086,"212":1086,"213":1086,"214":1086,"215":1086,"216":1086,"217":1086,"218":1086,"219":1086,"220":1086,"221":1086,"222":1086,"223":1086,"224":1086,"225":1086,"226":1086,"227":1086,"228":1086,"229":1086,"230":1086,"231":1086,"232":1086,"233":1086,"234":1086,"235":1086,"236":1086,"237":1086,"238":1086,"239":1086,"240":1086,"241":1086,"242":1086,"243":1086,"244":1086,"245":1086,"246":1086,"247":1086,"248":1086,"249":1086,"250":1086,"251":1086,"252":1086,"253":1086,"254":1086,"255":1086,"256":1086,"257":1086,"258":1086,"259":1086,"260":1086,"261":1086,"262":1086,"264":1086,"265":1086,"266":1086,"267":1086,"268":1086,"269":1086,"270":1086,"271":1086,"272":1086,"273":1086,"274":1086,"275":1086,"276":1086,"277":1086,"278":1086,"279":1086,"280":1086,"281":1086,"282":1086,"283":1086,"284":1086,"285":1086,"286":1086,"287":1086,"288":1086,"289":1086,"290":1086,"291":1086,"292":1086,"293":1086,"294":1086,"295":1086,"296":1086,"297":1086,"298":1086,"299":1086,"300":1086,"301":1086,"302":1086,"303":1086,"304":1086,"305":1086,"306":1086,"307":1086,"308":1086,"309":1086,"310":1086,"311":1086,"312":1086,"313":1086,"314":1086,"315":1086,"316":1086,"317":1086,"318":1086,"319":1086,"320":1086,"321":1086,"323":1086,"324":1086,"325":1086,"326":1086,"327":1086,"328":1086,"329":1086,"330":1086,"331":1086,"332":1086,"333":1086,"334":1086,"335":1086,"336":1086,"337":1086,"338":1086,"339":1086,"340":1086,"341":1086,"342":1086,"343":1086,"344":1086,"345":1086,"346":1086,"347":1086,"348":1086,"349":1086,"350":1086,"351":1086,"352":1086,"353":1086,"354":1086,"355":1086,"356":1086,"357":1086,"358":1086,"359":1086,"360":1086,"361":1086,"362":1086,"363":1086,"364":1086,"365":1086,"366":1086,"367":1086,"368":1086,"369":1086,"370":1086,"371":1086,"372":1086,"373":1086,"374":1086,"375":1086,"376":1086,"377":1086,"378":1086,"379":1086,"380":1086,"381":1086,"383":1086,"384":1086,"385":1086,"386":1086,"387":1086,"388":1086,"389":1086,"390":1086,"391":1086,"392":1086,"393":1086,"394":1086,"395":1086,"396":1086,"397":1086,"398":1086,"399":1086,"400":1086,"401":1086,"402":1086,"403":1086,"404":1086,"405":1086,"406":1086,"407":1086,"408":1086,"409":1086,"410":1086,"411":1086,"412":1086,"413":1086,"414":1086,"415":1086,"416":1086,"417":1086,"418":1086,"419":1086,"420":1086,"421":1086,"422":1086,"423":1086,"424":1086,"425":1086,"426":1086,"427":1086,"428":1086,"429":1086,"430":1086,"431":1086,"432":1086,"433":1086,"434":1086,"435":1086,"436":1086,"437":1086,"438":1086,"439":1086,"440":1086,"441":1086,"442":1086,"443":1086,"444":1086,"445":1086,"446":1086,"447":1086,"448":1086,"449":1086,"450":1086,"451":1086,"453":1086,"454":1086,"455":1086,"456":1086,"457":1086,"458":1086,"459":1086,"460":1086,"461":1086,"462":1086,"463":1086,"464":1086,"465":1086,"466":1086,"467":1086,"468":1086,"469":1086,"470":1086,"471":1086,"472":1086,"473":1086,"474":1086,"475":1086,"476":1086,"477":1086,"478":1086,"479":1086,"480":1086,"481":1086,"482":1086,"483":1086,"484":1086,"485":1086,"486":1086,"487":1086,"488":1086,"489":1086,"490":1086,"491":1086,"492":1086,"493":1086,"494":1086,"495":1086,"496":1086,"497":1086,"498":1086,"499":1086,"500":1086,"502":1086,"503":1086,"504":1086,"505":1086,"506":1086,"507":1086,"508":1086,"509":1086,"510":1086,"511":1086,"512":1086,"513":1086,"514":1086,"515":1086,"516":1086,"517":1086,"518":1086,"519":1086,"520":1086,"521":1086,"522":1086,"523":1086,"524":1086,"525":1086,"526":1086,"527":1086,"528":1086,"529":1086,"530":1086,"531":1086,"532":1086,"533":1086,"534":1086,"535":1086,"536":1086,"537":1086,"538":1086,"539":1086,"540":1086,"541":1086,"542":1086,"543":1086,"544":1086,"545":1086,"546":1086,"547":1086,"548":1086,"549":1086,"550":1086,"551":1086,"552":1086,"553":1086,"554":1086,"555":1086,"557":1086,"558":1086,"559":1086,"560":1086,"561":1086,"562":1086,"563":1086,"564":1086,"565":1086,"566":1086,"567":1086,"568":1086,"569":1086,"570":1086,"571":1086,"572":1086,"573":1086,"574":1086,"575":1086,"576":1086,"577":1086,"578":1086,"579":1086,"580":1086,"581":1086,"582":1086,"583":1086,"584":1086,"585":1086,"586":1086,"587":1086,"588":1086,"589":1086,"590":1086,"591":1086,"592":1086,"593":1086,"594":1086,"595":1086,"596":1086,"597":1086,"598":1086,"599":1086,"600":1086,"601":1086,"602":1086,"603":1086,"604":1086,"605":1086,"606":1086,"607":1086,"608":1086,"609":1086,"610":1086,"611":1086,"612":1086,"613":1086,"614":1086,"615":1086,"616":1086,"618":1086,"619":1086,"620":1086,"621":1086,"622":1086,"623":1086,"624":1086,"625":1086,"626":1086,"627":1086,"628":1086,"629":1086,"630":1086,"631":1086,"632":1086,"633":1086,"634":1086,"635":1086,"636":1086,"637":1086,"638":1086,"639":1086,"640":1086,"641":1086,"642":1086,"643":1086,"644":1086,"645":1086,"646":1086,"647":1086,"648":1086,"649":1086,"650":1086,"651":1086,"652":1086,"653":1086,"654":1086,"655":1086,"656":1086,"657":1086,"658":1086,"659":1086,"660":1086,"661":1086,"662":1086,"663":1086,"664":1086,"665":1086,"666":1086,"667":1086,"668":1086,"669":1086,"670":1086,"671":1086,"672":1086,"673":1086,"674":1086,"675":1086,"676":1086,"677":1086,"678":1086,"679":1086,"680":1086,"681":1086,"682":1086,"683":1086,"684":1086,"685":1086,"686":1086,"688":1086,"689":1086,"690":1086,"691":1086,"692":1086,"693":1086,"694":1086,"695":1086,"696":1086,"697":1086,"698":1086,"699":1086,"700":1086,"701":1086,"702":1086,"703":1086,"704":1086,"705":1086,"706":1086,"707":1086,"708":1086,"709":1086,"710":1086,"711":1086,"712":1086,"713":1086,"714":1086,"715":1086,"716":1086,"717":1086,"718":1086,"719":1086,"720":1086,"721":1086,"722":1086,"723":1086,"724":1086,"725":1086,"726":1086,"727":1086,"728":1086,"729":1086,"730":1086,"731":1086},"path":"/Users/ivanlieskov/Desktop/Pokemons/contracts/PokemonStorage.sol","s":{"1":556,"2":32,"3":34,"4":31,"5":35,"6":27,"7":28,"8":20,"9":22,"10":21,"11":17,"12":16,"13":15,"14":14,"15":13,"16":1,"17":1086,"18":1086,"19":1086,"20":1086,"21":1086,"22":1086,"23":1086,"24":1086,"25":1086,"26":1086,"27":1086,"28":1086,"29":1086,"30":1086,"31":1086,"32":1086,"33":1086,"34":1086,"35":1086,"36":1086,"37":1086,"38":1086,"39":1086,"40":1086,"41":1086,"42":1086,"43":1086,"44":1086,"45":1086,"46":1086,"47":1086,"48":1086,"49":1086,"50":1086,"51":1086,"52":1086,"53":1086,"54":1086,"55":1086,"56":1086,"57":1086,"58":1086,"59":1086,"60":1086,"61":1086,"62":1086,"63":1086,"64":1086,"65":1086,"66":1086,"67":1086,"68":1086,"69":1086,"70":1086,"71":1086,"72":1086,"73":1086,"74":1086,"75":1086,"76":1086,"77":1086,"78":1086,"79":1086,"80":1086,"81":1086,"82":1086,"83":1086,"84":1086,"85":1086,"86":1086,"87":1086,"88":1086,"89":1086,"90":1086,"91":1086,"92":1086,"93":1086,"94":1086,"95":1086,"96":1086,"97":1086,"98":1086,"99":1086,"100":1086,"101":1086,"102":1086,"103":1086,"104":1086,"105":1086,"106":1086,"107":1086,"108":1086,"109":1086,"110":1086,"111":1086,"112":1086,"113":1086,"114":1086,"115":1086,"116":1086,"117":1086,"118":1086,"119":1086,"120":1086,"121":1086,"122":1086,"123":1086,"124":1086,"125":1086,"126":1086,"127":1086,"128":1086,"129":1086,"130":1086,"131":1086,"132":1086,"133":1086,"134":1086,"135":1086,"136":1086,"137":1086,"138":1086,"139":1086,"140":1086,"141":1086,"142":1086,"143":1086,"144":1086,"145":1086,"146":1086,"147":1086,"148":1086,"149":1086,"150":1086,"151":1086,"152":1086,"153":1086,"154":1086,"155":1086,"156":1086,"157":1086,"158":1086,"159":1086,"160":1086,"161":1086,"162":1086,"163":1086,"164":1086,"165":1086,"166":1086,"167":1086,"168":1086,"169":1086,"170":1086,"171":1086,"172":1086,"173":1086,"174":1086,"175":1086,"176":1086,"177":1086,"178":1086,"179":1086,"180":1086,"181":1086,"182":1086,"183":1086,"184":1086,"185":1086,"186":1086,"187":1086,"188":1086,"189":1086,"190":1086,"191":1086,"192":1086,"193":1086,"194":1086,"195":1086,"196":1086,"197":1086,"198":1086,"199":1086,"200":1086,"201":1086,"202":1086,"203":1086,"204":1086,"205":1086,"206":1086,"207":1086,"208":1086,"209":1086,"210":1086,"211":1086,"212":1086,"213":1086,"214":1086,"215":1086,"216":1086,"217":1086,"218":1086,"219":1086,"220":1086,"221":1086,"222":1086,"223":1086,"224":1086,"225":1086,"226":1086,"227":1086,"228":1086,"229":1086,"230":1086,"231":1086,"232":1086,"233":1086,"234":1086,"235":1086,"236":1086,"237":1086,"238":1086,"239":1086,"240":1086,"241":1086,"242":1086,"243":1086,"244":1086,"245":1086,"246":1086,"247":1086,"248":1086,"249":1086,"250":1086,"251":1086,"252":1086,"253":1086,"254":1086,"255":1086,"256":1086,"257":1086,"258":1086,"259":1086,"260":1086,"261":1086,"262":1086,"263":1086,"264":1086,"265":1086,"266":1086,"267":1086,"268":1086,"269":1086,"270":1086,"271":1086,"272":1086,"273":1086,"274":1086,"275":1086,"276":1086,"277":1086,"278":1086,"279":1086,"280":1086,"281":1086,"282":1086,"283":1086,"284":1086,"285":1086,"286":1086,"287":1086,"288":1086,"289":1086,"290":1086,"291":1086,"292":1086,"293":1086,"294":1086,"295":1086,"296":1086,"297":1086,"298":1086,"299":1086,"300":1086,"301":1086,"302":1086,"303":1086,"304":1086,"305":1086,"306":1086,"307":1086,"308":1086,"309":1086,"310":1086,"311":1086,"312":1086,"313":1086,"314":1086,"315":1086,"316":1086,"317":1086,"318":1086,"319":1086,"320":1086,"321":1086,"322":1086,"323":1086,"324":1086,"325":1086,"326":1086,"327":1086,"328":1086,"329":1086,"330":1086,"331":1086,"332":1086,"333":1086,"334":1086,"335":1086,"336":1086,"337":1086,"338":1086,"339":1086,"340":1086,"341":1086,"342":1086,"343":1086,"344":1086,"345":1086,"346":1086,"347":1086,"348":1086,"349":1086,"350":1086,"351":1086,"352":1086,"353":1086,"354":1086,"355":1086,"356":1086,"357":1086,"358":1086,"359":1086,"360":1086,"361":1086,"362":1086,"363":1086,"364":1086,"365":1086,"366":1086,"367":1086,"368":1086,"369":1086,"370":1086,"371":1086,"372":1086,"373":1086,"374":1086,"375":1086,"376":1086,"377":1086,"378":1086,"379":1086,"380":1086,"381":1086,"382":1086,"383":1086,"384":1086,"385":1086,"386":1086,"387":1086,"388":1086,"389":1086,"390":1086,"391":1086,"392":1086,"393":1086,"394":1086,"395":1086,"396":1086,"397":1086,"398":1086,"399":1086,"400":1086,"401":1086,"402":1086,"403":1086,"404":1086,"405":1086,"406":1086,"407":1086,"408":1086,"409":1086,"410":1086,"411":1086,"412":1086,"413":1086,"414":1086,"415":1086,"416":1086,"417":1086,"418":1086,"419":1086,"420":1086,"421":1086,"422":1086,"423":1086,"424":1086,"425":1086,"426":1086,"427":1086,"428":1086,"429":1086,"430":1086,"431":1086,"432":1086,"433":1086,"434":1086,"435":1086,"436":1086,"437":1086,"438":1086,"439":1086,"440":1086,"441":1086,"442":1086,"443":1086,"444":1086,"445":1086,"446":1086,"447":1086,"448":1086,"449":1086,"450":1086,"451":1086,"452":1086,"453":1086,"454":1086,"455":1086,"456":1086,"457":1086,"458":1086,"459":1086,"460":1086,"461":1086,"462":1086,"463":1086,"464":1086,"465":1086,"466":1086,"467":1086,"468":1086,"469":1086,"470":1086,"471":1086,"472":1086,"473":1086,"474":1086,"475":1086,"476":1086,"477":1086,"478":1086,"479":1086,"480":1086,"481":1086,"482":1086,"483":1086,"484":1086,"485":1086,"486":1086,"487":1086,"488":1086,"489":1086,"490":1086,"491":1086,"492":1086,"493":1086,"494":1086,"495":1086,"496":1086,"497":1086,"498":1086,"499":1086,"500":1086,"501":1086,"502":1086,"503":1086,"504":1086,"505":1086,"506":1086,"507":1086,"508":1086,"509":1086,"510":1086,"511":1086,"512":1086,"513":1086,"514":1086,"515":1086,"516":1086,"517":1086,"518":1086,"519":1086,"520":1086,"521":1086,"522":1086,"523":1086,"524":1086,"525":1086,"526":1086,"527":1086,"528":1086,"529":1086,"530":1086,"531":1086,"532":1086,"533":1086,"534":1086,"535":1086,"536":1086,"537":1086,"538":1086,"539":1086,"540":1086,"541":1086,"542":1086,"543":1086,"544":1086,"545":1086,"546":1086,"547":1086,"548":1086,"549":1086,"550":1086,"551":1086,"552":1086,"553":1086,"554":1086,"555":1086,"556":1086,"557":1086,"558":1086,"559":1086,"560":1086,"561":1086,"562":1086,"563":1086,"564":1086,"565":1086,"566":1086,"567":1086,"568":1086,"569":1086,"570":1086,"571":1086,"572":1086,"573":1086,"574":1086,"575":1086,"576":1086,"577":1086,"578":1086,"579":1086,"580":1086,"581":1086,"582":1086,"583":1086,"584":1086,"585":1086,"586":1086},"b":{},"f":{"1":556,"2":32,"3":34,"4":31,"5":35,"6":27,"7":28,"8":20,"9":22,"10":21,"11":17,"12":16,"13":15,"14":14,"15":13,"16":1,"17":1086},"fnMap":{"1":{"name":"isEvolveNotAvailable","line":32,"loc":{"start":{"line":32,"column":4},"end":{"line":34,"column":4}}},"2":{"name":"isThunderEvolveAvailable","line":39,"loc":{"start":{"line":39,"column":4},"end":{"line":41,"column":4}}},"3":{"name":"isMoonEvolveAvailable","line":46,"loc":{"start":{"line":46,"column":4},"end":{"line":48,"column":4}}},"4":{"name":"isFireEvolveAvailable","line":53,"loc":{"start":{"line":53,"column":4},"end":{"line":55,"column":4}}},"5":{"name":"isLeafEvolveAvailable","line":60,"loc":{"start":{"line":60,"column":4},"end":{"line":62,"column":4}}},"6":{"name":"isSunEvolveAvailable","line":67,"loc":{"start":{"line":67,"column":4},"end":{"line":69,"column":4}}},"7":{"name":"isWaterEvolveAvailable","line":74,"loc":{"start":{"line":74,"column":4},"end":{"line":76,"column":4}}},"8":{"name":"isBlackAuguriteEvolveAvailable","line":81,"loc":{"start":{"line":81,"column":4},"end":{"line":83,"column":4}}},"9":{"name":"isShinyEvolveAvailable","line":88,"loc":{"start":{"line":88,"column":4},"end":{"line":90,"column":4}}},"10":{"name":"isDuskEvolveAvailable","line":95,"loc":{"start":{"line":95,"column":4},"end":{"line":97,"column":4}}},"11":{"name":"isRazorClawEvolveAvailable","line":102,"loc":{"start":{"line":102,"column":4},"end":{"line":104,"column":4}}},"12":{"name":"isPeatBlockEvolveAvailable","line":109,"loc":{"start":{"line":109,"column":4},"end":{"line":111,"column":4}}},"13":{"name":"isTartAppleEvolveAvailable","line":116,"loc":{"start":{"line":116,"column":4},"end":{"line":118,"column":4}}},"14":{"name":"isCrackedPotEvolveAvailable","line":123,"loc":{"start":{"line":123,"column":4},"end":{"line":125,"column":4}}},"15":{"name":"isOvalEvolveAvailable","line":130,"loc":{"start":{"line":130,"column":4},"end":{"line":132,"column":4}}},"16":{"name":"uri","line":137,"loc":{"start":{"line":137,"column":4},"end":{"line":146,"column":4}}},"17":{"name":"constructor","line":152,"loc":{"start":{"line":152,"column":4},"end":{"line":732,"column":4}}}},"statementMap":{"1":{"start":{"line":33,"column":8},"end":{"line":33,"column":48}},"2":{"start":{"line":40,"column":8},"end":{"line":40,"column":48}},"3":{"start":{"line":47,"column":8},"end":{"line":47,"column":45}},"4":{"start":{"line":54,"column":8},"end":{"line":54,"column":45}},"5":{"start":{"line":61,"column":8},"end":{"line":61,"column":45}},"6":{"start":{"line":68,"column":8},"end":{"line":68,"column":44}},"7":{"start":{"line":75,"column":8},"end":{"line":75,"column":46}},"8":{"start":{"line":82,"column":8},"end":{"line":82,"column":54}},"9":{"start":{"line":89,"column":8},"end":{"line":89,"column":46}},"10":{"start":{"line":96,"column":8},"end":{"line":96,"column":45}},"11":{"start":{"line":103,"column":8},"end":{"line":103,"column":50}},"12":{"start":{"line":110,"column":8},"end":{"line":110,"column":50}},"13":{"start":{"line":117,"column":8},"end":{"line":117,"column":50}},"14":{"start":{"line":124,"column":8},"end":{"line":124,"column":51}},"15":{"start":{"line":131,"column":8},"end":{"line":131,"column":45}},"16":{"start":{"line":138,"column":8},"end":{"line":138,"column":5060}},"17":{"start":{"line":153,"column":8},"end":{"line":153,"column":35}},"18":{"start":{"line":154,"column":8},"end":{"line":154,"column":35}},"19":{"start":{"line":155,"column":8},"end":{"line":155,"column":35}},"20":{"start":{"line":156,"column":8},"end":{"line":156,"column":36}},"21":{"start":{"line":157,"column":8},"end":{"line":157,"column":36}},"22":{"start":{"line":158,"column":8},"end":{"line":158,"column":36}},"23":{"start":{"line":159,"column":8},"end":{"line":159,"column":36}},"24":{"start":{"line":160,"column":8},"end":{"line":160,"column":36}},"25":{"start":{"line":161,"column":8},"end":{"line":161,"column":36}},"26":{"start":{"line":162,"column":8},"end":{"line":162,"column":36}},"27":{"start":{"line":163,"column":8},"end":{"line":163,"column":36}},"28":{"start":{"line":164,"column":8},"end":{"line":164,"column":36}},"29":{"start":{"line":165,"column":8},"end":{"line":165,"column":36}},"30":{"start":{"line":166,"column":8},"end":{"line":166,"column":36}},"31":{"start":{"line":167,"column":8},"end":{"line":167,"column":36}},"32":{"start":{"line":168,"column":8},"end":{"line":168,"column":36}},"33":{"start":{"line":169,"column":8},"end":{"line":169,"column":36}},"34":{"start":{"line":170,"column":8},"end":{"line":170,"column":36}},"35":{"start":{"line":171,"column":8},"end":{"line":171,"column":36}},"36":{"start":{"line":172,"column":8},"end":{"line":172,"column":36}},"37":{"start":{"line":173,"column":8},"end":{"line":173,"column":36}},"38":{"start":{"line":174,"column":8},"end":{"line":174,"column":36}},"39":{"start":{"line":175,"column":8},"end":{"line":175,"column":36}},"40":{"start":{"line":176,"column":8},"end":{"line":176,"column":36}},"41":{"start":{"line":177,"column":8},"end":{"line":177,"column":36}},"42":{"start":{"line":178,"column":8},"end":{"line":178,"column":36}},"43":{"start":{"line":179,"column":8},"end":{"line":179,"column":36}},"44":{"start":{"line":180,"column":8},"end":{"line":180,"column":36}},"45":{"start":{"line":181,"column":8},"end":{"line":181,"column":36}},"46":{"start":{"line":182,"column":8},"end":{"line":182,"column":36}},"47":{"start":{"line":183,"column":8},"end":{"line":183,"column":36}},"48":{"start":{"line":184,"column":8},"end":{"line":184,"column":36}},"49":{"start":{"line":185,"column":8},"end":{"line":185,"column":36}},"50":{"start":{"line":186,"column":8},"end":{"line":186,"column":36}},"51":{"start":{"line":187,"column":8},"end":{"line":187,"column":36}},"52":{"start":{"line":188,"column":8},"end":{"line":188,"column":36}},"53":{"start":{"line":189,"column":8},"end":{"line":189,"column":36}},"54":{"start":{"line":190,"column":8},"end":{"line":190,"column":36}},"55":{"start":{"line":191,"column":8},"end":{"line":191,"column":36}},"56":{"start":{"line":192,"column":8},"end":{"line":192,"column":36}},"57":{"start":{"line":193,"column":8},"end":{"line":193,"column":36}},"58":{"start":{"line":194,"column":8},"end":{"line":194,"column":36}},"59":{"start":{"line":195,"column":8},"end":{"line":195,"column":36}},"60":{"start":{"line":197,"column":8},"end":{"line":197,"column":37}},"61":{"start":{"line":198,"column":8},"end":{"line":198,"column":37}},"62":{"start":{"line":199,"column":8},"end":{"line":199,"column":37}},"63":{"start":{"line":200,"column":8},"end":{"line":200,"column":37}},"64":{"start":{"line":201,"column":8},"end":{"line":201,"column":37}},"65":{"start":{"line":202,"column":8},"end":{"line":202,"column":37}},"66":{"start":{"line":203,"column":8},"end":{"line":203,"column":37}},"67":{"start":{"line":204,"column":8},"end":{"line":204,"column":37}},"68":{"start":{"line":205,"column":8},"end":{"line":205,"column":37}},"69":{"start":{"line":206,"column":8},"end":{"line":206,"column":37}},"70":{"start":{"line":207,"column":8},"end":{"line":207,"column":37}},"71":{"start":{"line":208,"column":8},"end":{"line":208,"column":37}},"72":{"start":{"line":209,"column":8},"end":{"line":209,"column":37}},"73":{"start":{"line":210,"column":8},"end":{"line":210,"column":37}},"74":{"start":{"line":211,"column":8},"end":{"line":211,"column":37}},"75":{"start":{"line":212,"column":8},"end":{"line":212,"column":37}},"76":{"start":{"line":213,"column":8},"end":{"line":213,"column":37}},"77":{"start":{"line":214,"column":8},"end":{"line":214,"column":37}},"78":{"start":{"line":215,"column":8},"end":{"line":215,"column":37}},"79":{"start":{"line":216,"column":8},"end":{"line":216,"column":37}},"80":{"start":{"line":217,"column":8},"end":{"line":217,"column":37}},"81":{"start":{"line":218,"column":8},"end":{"line":218,"column":37}},"82":{"start":{"line":219,"column":8},"end":{"line":219,"column":37}},"83":{"start":{"line":220,"column":8},"end":{"line":220,"column":37}},"84":{"start":{"line":221,"column":8},"end":{"line":221,"column":37}},"85":{"start":{"line":222,"column":8},"end":{"line":222,"column":37}},"86":{"start":{"line":223,"column":8},"end":{"line":223,"column":37}},"87":{"start":{"line":224,"column":8},"end":{"line":224,"column":37}},"88":{"start":{"line":225,"column":8},"end":{"line":225,"column":37}},"89":{"start":{"line":226,"column":8},"end":{"line":226,"column":37}},"90":{"start":{"line":227,"column":8},"end":{"line":227,"column":37}},"91":{"start":{"line":228,"column":8},"end":{"line":228,"column":37}},"92":{"start":{"line":229,"column":8},"end":{"line":229,"column":37}},"93":{"start":{"line":230,"column":8},"end":{"line":230,"column":37}},"94":{"start":{"line":231,"column":8},"end":{"line":231,"column":37}},"95":{"start":{"line":232,"column":8},"end":{"line":232,"column":37}},"96":{"start":{"line":233,"column":8},"end":{"line":233,"column":37}},"97":{"start":{"line":234,"column":8},"end":{"line":234,"column":37}},"98":{"start":{"line":235,"column":8},"end":{"line":235,"column":37}},"99":{"start":{"line":236,"column":8},"end":{"line":236,"column":37}},"100":{"start":{"line":237,"column":8},"end":{"line":237,"column":37}},"101":{"start":{"line":238,"column":8},"end":{"line":238,"column":37}},"102":{"start":{"line":239,"column":8},"end":{"line":239,"column":37}},"103":{"start":{"line":240,"column":8},"end":{"line":240,"column":37}},"104":{"start":{"line":241,"column":8},"end":{"line":241,"column":37}},"105":{"start":{"line":242,"column":8},"end":{"line":242,"column":37}},"106":{"start":{"line":243,"column":8},"end":{"line":243,"column":37}},"107":{"start":{"line":244,"column":8},"end":{"line":244,"column":37}},"108":{"start":{"line":245,"column":8},"end":{"line":245,"column":37}},"109":{"start":{"line":246,"column":8},"end":{"line":246,"column":37}},"110":{"start":{"line":247,"column":8},"end":{"line":247,"column":37}},"111":{"start":{"line":248,"column":8},"end":{"line":248,"column":37}},"112":{"start":{"line":249,"column":8},"end":{"line":249,"column":37}},"113":{"start":{"line":250,"column":8},"end":{"line":250,"column":37}},"114":{"start":{"line":251,"column":8},"end":{"line":251,"column":37}},"115":{"start":{"line":252,"column":8},"end":{"line":252,"column":37}},"116":{"start":{"line":253,"column":8},"end":{"line":253,"column":37}},"117":{"start":{"line":254,"column":8},"end":{"line":254,"column":37}},"118":{"start":{"line":255,"column":8},"end":{"line":255,"column":37}},"119":{"start":{"line":256,"column":8},"end":{"line":256,"column":37}},"120":{"start":{"line":257,"column":8},"end":{"line":257,"column":37}},"121":{"start":{"line":258,"column":8},"end":{"line":258,"column":37}},"122":{"start":{"line":259,"column":8},"end":{"line":259,"column":37}},"123":{"start":{"line":260,"column":8},"end":{"line":260,"column":37}},"124":{"start":{"line":261,"column":8},"end":{"line":261,"column":37}},"125":{"start":{"line":262,"column":8},"end":{"line":262,"column":37}},"126":{"start":{"line":264,"column":8},"end":{"line":264,"column":37}},"127":{"start":{"line":265,"column":8},"end":{"line":265,"column":37}},"128":{"start":{"line":266,"column":8},"end":{"line":266,"column":37}},"129":{"start":{"line":267,"column":8},"end":{"line":267,"column":37}},"130":{"start":{"line":268,"column":8},"end":{"line":268,"column":37}},"131":{"start":{"line":269,"column":8},"end":{"line":269,"column":37}},"132":{"start":{"line":270,"column":8},"end":{"line":270,"column":37}},"133":{"start":{"line":271,"column":8},"end":{"line":271,"column":37}},"134":{"start":{"line":272,"column":8},"end":{"line":272,"column":37}},"135":{"start":{"line":273,"column":8},"end":{"line":273,"column":37}},"136":{"start":{"line":274,"column":8},"end":{"line":274,"column":37}},"137":{"start":{"line":275,"column":8},"end":{"line":275,"column":37}},"138":{"start":{"line":276,"column":8},"end":{"line":276,"column":37}},"139":{"start":{"line":277,"column":8},"end":{"line":277,"column":37}},"140":{"start":{"line":278,"column":8},"end":{"line":278,"column":37}},"141":{"start":{"line":279,"column":8},"end":{"line":279,"column":37}},"142":{"start":{"line":280,"column":8},"end":{"line":280,"column":37}},"143":{"start":{"line":281,"column":8},"end":{"line":281,"column":37}},"144":{"start":{"line":282,"column":8},"end":{"line":282,"column":37}},"145":{"start":{"line":283,"column":8},"end":{"line":283,"column":37}},"146":{"start":{"line":284,"column":8},"end":{"line":284,"column":37}},"147":{"start":{"line":285,"column":8},"end":{"line":285,"column":37}},"148":{"start":{"line":286,"column":8},"end":{"line":286,"column":37}},"149":{"start":{"line":287,"column":8},"end":{"line":287,"column":37}},"150":{"start":{"line":288,"column":8},"end":{"line":288,"column":37}},"151":{"start":{"line":289,"column":8},"end":{"line":289,"column":37}},"152":{"start":{"line":290,"column":8},"end":{"line":290,"column":37}},"153":{"start":{"line":291,"column":8},"end":{"line":291,"column":37}},"154":{"start":{"line":292,"column":8},"end":{"line":292,"column":37}},"155":{"start":{"line":293,"column":8},"end":{"line":293,"column":37}},"156":{"start":{"line":294,"column":8},"end":{"line":294,"column":37}},"157":{"start":{"line":295,"column":8},"end":{"line":295,"column":37}},"158":{"start":{"line":296,"column":8},"end":{"line":296,"column":37}},"159":{"start":{"line":297,"column":8},"end":{"line":297,"column":37}},"160":{"start":{"line":298,"column":8},"end":{"line":298,"column":37}},"161":{"start":{"line":299,"column":8},"end":{"line":299,"column":37}},"162":{"start":{"line":300,"column":8},"end":{"line":300,"column":37}},"163":{"start":{"line":301,"column":8},"end":{"line":301,"column":37}},"164":{"start":{"line":302,"column":8},"end":{"line":302,"column":37}},"165":{"start":{"line":303,"column":8},"end":{"line":303,"column":37}},"166":{"start":{"line":304,"column":8},"end":{"line":304,"column":37}},"167":{"start":{"line":305,"column":8},"end":{"line":305,"column":37}},"168":{"start":{"line":306,"column":8},"end":{"line":306,"column":37}},"169":{"start":{"line":307,"column":8},"end":{"line":307,"column":37}},"170":{"start":{"line":308,"column":8},"end":{"line":308,"column":37}},"171":{"start":{"line":309,"column":8},"end":{"line":309,"column":37}},"172":{"start":{"line":310,"column":8},"end":{"line":310,"column":37}},"173":{"start":{"line":311,"column":8},"end":{"line":311,"column":37}},"174":{"start":{"line":312,"column":8},"end":{"line":312,"column":37}},"175":{"start":{"line":313,"column":8},"end":{"line":313,"column":37}},"176":{"start":{"line":314,"column":8},"end":{"line":314,"column":37}},"177":{"start":{"line":315,"column":8},"end":{"line":315,"column":37}},"178":{"start":{"line":316,"column":8},"end":{"line":316,"column":37}},"179":{"start":{"line":317,"column":8},"end":{"line":317,"column":37}},"180":{"start":{"line":318,"column":8},"end":{"line":318,"column":37}},"181":{"start":{"line":319,"column":8},"end":{"line":319,"column":37}},"182":{"start":{"line":320,"column":8},"end":{"line":320,"column":37}},"183":{"start":{"line":321,"column":8},"end":{"line":321,"column":37}},"184":{"start":{"line":323,"column":8},"end":{"line":323,"column":37}},"185":{"start":{"line":324,"column":8},"end":{"line":324,"column":37}},"186":{"start":{"line":325,"column":8},"end":{"line":325,"column":37}},"187":{"start":{"line":326,"column":8},"end":{"line":326,"column":37}},"188":{"start":{"line":327,"column":8},"end":{"line":327,"column":37}},"189":{"start":{"line":328,"column":8},"end":{"line":328,"column":37}},"190":{"start":{"line":329,"column":8},"end":{"line":329,"column":37}},"191":{"start":{"line":330,"column":8},"end":{"line":330,"column":37}},"192":{"start":{"line":331,"column":8},"end":{"line":331,"column":37}},"193":{"start":{"line":332,"column":8},"end":{"line":332,"column":37}},"194":{"start":{"line":333,"column":8},"end":{"line":333,"column":37}},"195":{"start":{"line":334,"column":8},"end":{"line":334,"column":37}},"196":{"start":{"line":335,"column":8},"end":{"line":335,"column":37}},"197":{"start":{"line":336,"column":8},"end":{"line":336,"column":37}},"198":{"start":{"line":337,"column":8},"end":{"line":337,"column":37}},"199":{"start":{"line":338,"column":8},"end":{"line":338,"column":37}},"200":{"start":{"line":339,"column":8},"end":{"line":339,"column":37}},"201":{"start":{"line":340,"column":8},"end":{"line":340,"column":37}},"202":{"start":{"line":341,"column":8},"end":{"line":341,"column":37}},"203":{"start":{"line":342,"column":8},"end":{"line":342,"column":37}},"204":{"start":{"line":343,"column":8},"end":{"line":343,"column":37}},"205":{"start":{"line":344,"column":8},"end":{"line":344,"column":37}},"206":{"start":{"line":345,"column":8},"end":{"line":345,"column":37}},"207":{"start":{"line":346,"column":8},"end":{"line":346,"column":37}},"208":{"start":{"line":347,"column":8},"end":{"line":347,"column":37}},"209":{"start":{"line":348,"column":8},"end":{"line":348,"column":37}},"210":{"start":{"line":349,"column":8},"end":{"line":349,"column":37}},"211":{"start":{"line":350,"column":8},"end":{"line":350,"column":37}},"212":{"start":{"line":351,"column":8},"end":{"line":351,"column":37}},"213":{"start":{"line":352,"column":8},"end":{"line":352,"column":37}},"214":{"start":{"line":353,"column":8},"end":{"line":353,"column":37}},"215":{"start":{"line":354,"column":8},"end":{"line":354,"column":37}},"216":{"start":{"line":355,"column":8},"end":{"line":355,"column":37}},"217":{"start":{"line":356,"column":8},"end":{"line":356,"column":37}},"218":{"start":{"line":357,"column":8},"end":{"line":357,"column":37}},"219":{"start":{"line":358,"column":8},"end":{"line":358,"column":37}},"220":{"start":{"line":359,"column":8},"end":{"line":359,"column":37}},"221":{"start":{"line":360,"column":8},"end":{"line":360,"column":37}},"222":{"start":{"line":361,"column":8},"end":{"line":361,"column":37}},"223":{"start":{"line":362,"column":8},"end":{"line":362,"column":37}},"224":{"start":{"line":363,"column":8},"end":{"line":363,"column":37}},"225":{"start":{"line":364,"column":8},"end":{"line":364,"column":37}},"226":{"start":{"line":365,"column":8},"end":{"line":365,"column":37}},"227":{"start":{"line":366,"column":8},"end":{"line":366,"column":37}},"228":{"start":{"line":367,"column":8},"end":{"line":367,"column":37}},"229":{"start":{"line":368,"column":8},"end":{"line":368,"column":37}},"230":{"start":{"line":369,"column":8},"end":{"line":369,"column":37}},"231":{"start":{"line":370,"column":8},"end":{"line":370,"column":37}},"232":{"start":{"line":371,"column":8},"end":{"line":371,"column":37}},"233":{"start":{"line":372,"column":8},"end":{"line":372,"column":37}},"234":{"start":{"line":373,"column":8},"end":{"line":373,"column":37}},"235":{"start":{"line":374,"column":8},"end":{"line":374,"column":37}},"236":{"start":{"line":375,"column":8},"end":{"line":375,"column":37}},"237":{"start":{"line":376,"column":8},"end":{"line":376,"column":37}},"238":{"start":{"line":377,"column":8},"end":{"line":377,"column":37}},"239":{"start":{"line":378,"column":8},"end":{"line":378,"column":37}},"240":{"start":{"line":379,"column":8},"end":{"line":379,"column":37}},"241":{"start":{"line":380,"column":8},"end":{"line":380,"column":37}},"242":{"start":{"line":381,"column":8},"end":{"line":381,"column":37}},"243":{"start":{"line":383,"column":8},"end":{"line":383,"column":37}},"244":{"start":{"line":384,"column":8},"end":{"line":384,"column":37}},"245":{"start":{"line":385,"column":8},"end":{"line":385,"column":37}},"246":{"start":{"line":386,"column":8},"end":{"line":386,"column":37}},"247":{"start":{"line":387,"column":8},"end":{"line":387,"column":37}},"248":{"start":{"line":388,"column":8},"end":{"line":388,"column":37}},"249":{"start":{"line":389,"column":8},"end":{"line":389,"column":37}},"250":{"start":{"line":390,"column":8},"end":{"line":390,"column":37}},"251":{"start":{"line":391,"column":8},"end":{"line":391,"column":37}},"252":{"start":{"line":392,"column":8},"end":{"line":392,"column":37}},"253":{"start":{"line":393,"column":8},"end":{"line":393,"column":37}},"254":{"start":{"line":394,"column":8},"end":{"line":394,"column":37}},"255":{"start":{"line":395,"column":8},"end":{"line":395,"column":37}},"256":{"start":{"line":396,"column":8},"end":{"line":396,"column":37}},"257":{"start":{"line":397,"column":8},"end":{"line":397,"column":37}},"258":{"start":{"line":398,"column":8},"end":{"line":398,"column":37}},"259":{"start":{"line":399,"column":8},"end":{"line":399,"column":37}},"260":{"start":{"line":400,"column":8},"end":{"line":400,"column":37}},"261":{"start":{"line":401,"column":8},"end":{"line":401,"column":37}},"262":{"start":{"line":402,"column":8},"end":{"line":402,"column":37}},"263":{"start":{"line":403,"column":8},"end":{"line":403,"column":37}},"264":{"start":{"line":404,"column":8},"end":{"line":404,"column":37}},"265":{"start":{"line":405,"column":8},"end":{"line":405,"column":37}},"266":{"start":{"line":406,"column":8},"end":{"line":406,"column":37}},"267":{"start":{"line":407,"column":8},"end":{"line":407,"column":37}},"268":{"start":{"line":408,"column":8},"end":{"line":408,"column":37}},"269":{"start":{"line":409,"column":8},"end":{"line":409,"column":37}},"270":{"start":{"line":410,"column":8},"end":{"line":410,"column":37}},"271":{"start":{"line":411,"column":8},"end":{"line":411,"column":37}},"272":{"start":{"line":412,"column":8},"end":{"line":412,"column":37}},"273":{"start":{"line":413,"column":8},"end":{"line":413,"column":37}},"274":{"start":{"line":414,"column":8},"end":{"line":414,"column":37}},"275":{"start":{"line":415,"column":8},"end":{"line":415,"column":37}},"276":{"start":{"line":416,"column":8},"end":{"line":416,"column":37}},"277":{"start":{"line":417,"column":8},"end":{"line":417,"column":37}},"278":{"start":{"line":418,"column":8},"end":{"line":418,"column":37}},"279":{"start":{"line":419,"column":8},"end":{"line":419,"column":37}},"280":{"start":{"line":420,"column":8},"end":{"line":420,"column":37}},"281":{"start":{"line":421,"column":8},"end":{"line":421,"column":37}},"282":{"start":{"line":422,"column":8},"end":{"line":422,"column":37}},"283":{"start":{"line":423,"column":8},"end":{"line":423,"column":37}},"284":{"start":{"line":424,"column":8},"end":{"line":424,"column":37}},"285":{"start":{"line":425,"column":8},"end":{"line":425,"column":37}},"286":{"start":{"line":426,"column":8},"end":{"line":426,"column":37}},"287":{"start":{"line":427,"column":8},"end":{"line":427,"column":37}},"288":{"start":{"line":428,"column":8},"end":{"line":428,"column":37}},"289":{"start":{"line":429,"column":8},"end":{"line":429,"column":37}},"290":{"start":{"line":430,"column":8},"end":{"line":430,"column":37}},"291":{"start":{"line":431,"column":8},"end":{"line":431,"column":37}},"292":{"start":{"line":432,"column":8},"end":{"line":432,"column":37}},"293":{"start":{"line":433,"column":8},"end":{"line":433,"column":37}},"294":{"start":{"line":434,"column":8},"end":{"line":434,"column":37}},"295":{"start":{"line":435,"column":8},"end":{"line":435,"column":37}},"296":{"start":{"line":436,"column":8},"end":{"line":436,"column":37}},"297":{"start":{"line":437,"column":8},"end":{"line":437,"column":37}},"298":{"start":{"line":438,"column":8},"end":{"line":438,"column":37}},"299":{"start":{"line":439,"column":8},"end":{"line":439,"column":37}},"300":{"start":{"line":440,"column":8},"end":{"line":440,"column":37}},"301":{"start":{"line":441,"column":8},"end":{"line":441,"column":37}},"302":{"start":{"line":442,"column":8},"end":{"line":442,"column":37}},"303":{"start":{"line":443,"column":8},"end":{"line":443,"column":37}},"304":{"start":{"line":444,"column":8},"end":{"line":444,"column":37}},"305":{"start":{"line":445,"column":8},"end":{"line":445,"column":37}},"306":{"start":{"line":446,"column":8},"end":{"line":446,"column":37}},"307":{"start":{"line":447,"column":8},"end":{"line":447,"column":37}},"308":{"start":{"line":448,"column":8},"end":{"line":448,"column":37}},"309":{"start":{"line":449,"column":8},"end":{"line":449,"column":37}},"310":{"start":{"line":450,"column":8},"end":{"line":450,"column":37}},"311":{"start":{"line":451,"column":8},"end":{"line":451,"column":37}},"312":{"start":{"line":453,"column":8},"end":{"line":453,"column":37}},"313":{"start":{"line":454,"column":8},"end":{"line":454,"column":37}},"314":{"start":{"line":455,"column":8},"end":{"line":455,"column":37}},"315":{"start":{"line":456,"column":8},"end":{"line":456,"column":37}},"316":{"start":{"line":457,"column":8},"end":{"line":457,"column":37}},"317":{"start":{"line":458,"column":8},"end":{"line":458,"column":37}},"318":{"start":{"line":459,"column":8},"end":{"line":459,"column":37}},"319":{"start":{"line":460,"column":8},"end":{"line":460,"column":37}},"320":{"start":{"line":461,"column":8},"end":{"line":461,"column":37}},"321":{"start":{"line":462,"column":8},"end":{"line":462,"column":37}},"322":{"start":{"line":463,"column":8},"end":{"line":463,"column":37}},"323":{"start":{"line":464,"column":8},"end":{"line":464,"column":37}},"324":{"start":{"line":465,"column":8},"end":{"line":465,"column":37}},"325":{"start":{"line":466,"column":8},"end":{"line":466,"column":37}},"326":{"start":{"line":467,"column":8},"end":{"line":467,"column":37}},"327":{"start":{"line":468,"column":8},"end":{"line":468,"column":37}},"328":{"start":{"line":469,"column":8},"end":{"line":469,"column":37}},"329":{"start":{"line":470,"column":8},"end":{"line":470,"column":37}},"330":{"start":{"line":471,"column":8},"end":{"line":471,"column":37}},"331":{"start":{"line":472,"column":8},"end":{"line":472,"column":37}},"332":{"start":{"line":473,"column":8},"end":{"line":473,"column":37}},"333":{"start":{"line":474,"column":8},"end":{"line":474,"column":37}},"334":{"start":{"line":475,"column":8},"end":{"line":475,"column":37}},"335":{"start":{"line":476,"column":8},"end":{"line":476,"column":37}},"336":{"start":{"line":477,"column":8},"end":{"line":477,"column":37}},"337":{"start":{"line":478,"column":8},"end":{"line":478,"column":37}},"338":{"start":{"line":479,"column":8},"end":{"line":479,"column":37}},"339":{"start":{"line":480,"column":8},"end":{"line":480,"column":37}},"340":{"start":{"line":481,"column":8},"end":{"line":481,"column":37}},"341":{"start":{"line":482,"column":8},"end":{"line":482,"column":37}},"342":{"start":{"line":483,"column":8},"end":{"line":483,"column":37}},"343":{"start":{"line":484,"column":8},"end":{"line":484,"column":37}},"344":{"start":{"line":485,"column":8},"end":{"line":485,"column":37}},"345":{"start":{"line":486,"column":8},"end":{"line":486,"column":37}},"346":{"start":{"line":487,"column":8},"end":{"line":487,"column":37}},"347":{"start":{"line":488,"column":8},"end":{"line":488,"column":37}},"348":{"start":{"line":489,"column":8},"end":{"line":489,"column":37}},"349":{"start":{"line":490,"column":8},"end":{"line":490,"column":37}},"350":{"start":{"line":491,"column":8},"end":{"line":491,"column":37}},"351":{"start":{"line":492,"column":8},"end":{"line":492,"column":37}},"352":{"start":{"line":493,"column":8},"end":{"line":493,"column":37}},"353":{"start":{"line":494,"column":8},"end":{"line":494,"column":37}},"354":{"start":{"line":495,"column":8},"end":{"line":495,"column":37}},"355":{"start":{"line":496,"column":8},"end":{"line":496,"column":37}},"356":{"start":{"line":497,"column":8},"end":{"line":497,"column":37}},"357":{"start":{"line":498,"column":8},"end":{"line":498,"column":37}},"358":{"start":{"line":499,"column":8},"end":{"line":499,"column":37}},"359":{"start":{"line":500,"column":8},"end":{"line":500,"column":37}},"360":{"start":{"line":502,"column":8},"end":{"line":502,"column":37}},"361":{"start":{"line":503,"column":8},"end":{"line":503,"column":37}},"362":{"start":{"line":504,"column":8},"end":{"line":504,"column":37}},"363":{"start":{"line":505,"column":8},"end":{"line":505,"column":37}},"364":{"start":{"line":506,"column":8},"end":{"line":506,"column":37}},"365":{"start":{"line":507,"column":8},"end":{"line":507,"column":37}},"366":{"start":{"line":508,"column":8},"end":{"line":508,"column":37}},"367":{"start":{"line":509,"column":8},"end":{"line":509,"column":37}},"368":{"start":{"line":510,"column":8},"end":{"line":510,"column":37}},"369":{"start":{"line":511,"column":8},"end":{"line":511,"column":37}},"370":{"start":{"line":512,"column":8},"end":{"line":512,"column":37}},"371":{"start":{"line":513,"column":8},"end":{"line":513,"column":37}},"372":{"start":{"line":514,"column":8},"end":{"line":514,"column":37}},"373":{"start":{"line":515,"column":8},"end":{"line":515,"column":37}},"374":{"start":{"line":516,"column":8},"end":{"line":516,"column":37}},"375":{"start":{"line":517,"column":8},"end":{"line":517,"column":37}},"376":{"start":{"line":518,"column":8},"end":{"line":518,"column":37}},"377":{"start":{"line":519,"column":8},"end":{"line":519,"column":37}},"378":{"start":{"line":520,"column":8},"end":{"line":520,"column":37}},"379":{"start":{"line":521,"column":8},"end":{"line":521,"column":37}},"380":{"start":{"line":522,"column":8},"end":{"line":522,"column":37}},"381":{"start":{"line":523,"column":8},"end":{"line":523,"column":37}},"382":{"start":{"line":524,"column":8},"end":{"line":524,"column":37}},"383":{"start":{"line":525,"column":8},"end":{"line":525,"column":37}},"384":{"start":{"line":526,"column":8},"end":{"line":526,"column":37}},"385":{"start":{"line":527,"column":8},"end":{"line":527,"column":37}},"386":{"start":{"line":528,"column":8},"end":{"line":528,"column":37}},"387":{"start":{"line":529,"column":8},"end":{"line":529,"column":37}},"388":{"start":{"line":530,"column":8},"end":{"line":530,"column":37}},"389":{"start":{"line":531,"column":8},"end":{"line":531,"column":37}},"390":{"start":{"line":532,"column":8},"end":{"line":532,"column":37}},"391":{"start":{"line":533,"column":8},"end":{"line":533,"column":37}},"392":{"start":{"line":534,"column":8},"end":{"line":534,"column":37}},"393":{"start":{"line":535,"column":8},"end":{"line":535,"column":37}},"394":{"start":{"line":536,"column":8},"end":{"line":536,"column":37}},"395":{"start":{"line":537,"column":8},"end":{"line":537,"column":37}},"396":{"start":{"line":538,"column":8},"end":{"line":538,"column":37}},"397":{"start":{"line":539,"column":8},"end":{"line":539,"column":37}},"398":{"start":{"line":540,"column":8},"end":{"line":540,"column":37}},"399":{"start":{"line":541,"column":8},"end":{"line":541,"column":37}},"400":{"start":{"line":542,"column":8},"end":{"line":542,"column":37}},"401":{"start":{"line":543,"column":8},"end":{"line":543,"column":37}},"402":{"start":{"line":544,"column":8},"end":{"line":544,"column":37}},"403":{"start":{"line":545,"column":8},"end":{"line":545,"column":37}},"404":{"start":{"line":546,"column":8},"end":{"line":546,"column":37}},"405":{"start":{"line":547,"column":8},"end":{"line":547,"column":37}},"406":{"start":{"line":548,"column":8},"end":{"line":548,"column":37}},"407":{"start":{"line":549,"column":8},"end":{"line":549,"column":37}},"408":{"start":{"line":550,"column":8},"end":{"line":550,"column":37}},"409":{"start":{"line":551,"column":8},"end":{"line":551,"column":37}},"410":{"start":{"line":552,"column":8},"end":{"line":552,"column":37}},"411":{"start":{"line":553,"column":8},"end":{"line":553,"column":37}},"412":{"start":{"line":554,"column":8},"end":{"line":554,"column":37}},"413":{"start":{"line":555,"column":8},"end":{"line":555,"column":37}},"414":{"start":{"line":557,"column":8},"end":{"line":557,"column":37}},"415":{"start":{"line":558,"column":8},"end":{"line":558,"column":37}},"416":{"start":{"line":559,"column":8},"end":{"line":559,"column":37}},"417":{"start":{"line":560,"column":8},"end":{"line":560,"column":37}},"418":{"start":{"line":561,"column":8},"end":{"line":561,"column":37}},"419":{"start":{"line":562,"column":8},"end":{"line":562,"column":37}},"420":{"start":{"line":563,"column":8},"end":{"line":563,"column":37}},"421":{"start":{"line":564,"column":8},"end":{"line":564,"column":37}},"422":{"start":{"line":565,"column":8},"end":{"line":565,"column":37}},"423":{"start":{"line":566,"column":8},"end":{"line":566,"column":37}},"424":{"start":{"line":567,"column":8},"end":{"line":567,"column":37}},"425":{"start":{"line":568,"column":8},"end":{"line":568,"column":37}},"426":{"start":{"line":569,"column":8},"end":{"line":569,"column":37}},"427":{"start":{"line":570,"column":8},"end":{"line":570,"column":37}},"428":{"start":{"line":571,"column":8},"end":{"line":571,"column":37}},"429":{"start":{"line":572,"column":8},"end":{"line":572,"column":37}},"430":{"start":{"line":573,"column":8},"end":{"line":573,"column":37}},"431":{"start":{"line":574,"column":8},"end":{"line":574,"column":37}},"432":{"start":{"line":575,"column":8},"end":{"line":575,"column":37}},"433":{"start":{"line":576,"column":8},"end":{"line":576,"column":37}},"434":{"start":{"line":577,"column":8},"end":{"line":577,"column":37}},"435":{"start":{"line":578,"column":8},"end":{"line":578,"column":37}},"436":{"start":{"line":579,"column":8},"end":{"line":579,"column":37}},"437":{"start":{"line":580,"column":8},"end":{"line":580,"column":37}},"438":{"start":{"line":581,"column":8},"end":{"line":581,"column":37}},"439":{"start":{"line":582,"column":8},"end":{"line":582,"column":37}},"440":{"start":{"line":583,"column":8},"end":{"line":583,"column":37}},"441":{"start":{"line":584,"column":8},"end":{"line":584,"column":37}},"442":{"start":{"line":585,"column":8},"end":{"line":585,"column":37}},"443":{"start":{"line":586,"column":8},"end":{"line":586,"column":37}},"444":{"start":{"line":587,"column":8},"end":{"line":587,"column":37}},"445":{"start":{"line":588,"column":8},"end":{"line":588,"column":37}},"446":{"start":{"line":589,"column":8},"end":{"line":589,"column":37}},"447":{"start":{"line":590,"column":8},"end":{"line":590,"column":37}},"448":{"start":{"line":591,"column":8},"end":{"line":591,"column":37}},"449":{"start":{"line":592,"column":8},"end":{"line":592,"column":37}},"450":{"start":{"line":593,"column":8},"end":{"line":593,"column":37}},"451":{"start":{"line":594,"column":8},"end":{"line":594,"column":37}},"452":{"start":{"line":595,"column":8},"end":{"line":595,"column":37}},"453":{"start":{"line":596,"column":8},"end":{"line":596,"column":37}},"454":{"start":{"line":597,"column":8},"end":{"line":597,"column":37}},"455":{"start":{"line":598,"column":8},"end":{"line":598,"column":37}},"456":{"start":{"line":599,"column":8},"end":{"line":599,"column":37}},"457":{"start":{"line":600,"column":8},"end":{"line":600,"column":37}},"458":{"start":{"line":601,"column":8},"end":{"line":601,"column":37}},"459":{"start":{"line":602,"column":8},"end":{"line":602,"column":37}},"460":{"start":{"line":603,"column":8},"end":{"line":603,"column":37}},"461":{"start":{"line":604,"column":8},"end":{"line":604,"column":37}},"462":{"start":{"line":605,"column":8},"end":{"line":605,"column":37}},"463":{"start":{"line":606,"column":8},"end":{"line":606,"column":37}},"464":{"start":{"line":607,"column":8},"end":{"line":607,"column":37}},"465":{"start":{"line":608,"column":8},"end":{"line":608,"column":37}},"466":{"start":{"line":609,"column":8},"end":{"line":609,"column":37}},"467":{"start":{"line":610,"column":8},"end":{"line":610,"column":37}},"468":{"start":{"line":611,"column":8},"end":{"line":611,"column":37}},"469":{"start":{"line":612,"column":8},"end":{"line":612,"column":37}},"470":{"start":{"line":613,"column":8},"end":{"line":613,"column":37}},"471":{"start":{"line":614,"column":8},"end":{"line":614,"column":37}},"472":{"start":{"line":615,"column":8},"end":{"line":615,"column":37}},"473":{"start":{"line":616,"column":8},"end":{"line":616,"column":37}},"474":{"start":{"line":618,"column":8},"end":{"line":618,"column":37}},"475":{"start":{"line":619,"column":8},"end":{"line":619,"column":37}},"476":{"start":{"line":620,"column":8},"end":{"line":620,"column":37}},"477":{"start":{"line":621,"column":8},"end":{"line":621,"column":37}},"478":{"start":{"line":622,"column":8},"end":{"line":622,"column":37}},"479":{"start":{"line":623,"column":8},"end":{"line":623,"column":37}},"480":{"start":{"line":624,"column":8},"end":{"line":624,"column":37}},"481":{"start":{"line":625,"column":8},"end":{"line":625,"column":37}},"482":{"start":{"line":626,"column":8},"end":{"line":626,"column":37}},"483":{"start":{"line":627,"column":8},"end":{"line":627,"column":37}},"484":{"start":{"line":628,"column":8},"end":{"line":628,"column":37}},"485":{"start":{"line":629,"column":8},"end":{"line":629,"column":37}},"486":{"start":{"line":630,"column":8},"end":{"line":630,"column":37}},"487":{"start":{"line":631,"column":8},"end":{"line":631,"column":37}},"488":{"start":{"line":632,"column":8},"end":{"line":632,"column":37}},"489":{"start":{"line":633,"column":8},"end":{"line":633,"column":37}},"490":{"start":{"line":634,"column":8},"end":{"line":634,"column":37}},"491":{"start":{"line":635,"column":8},"end":{"line":635,"column":37}},"492":{"start":{"line":636,"column":8},"end":{"line":636,"column":37}},"493":{"start":{"line":637,"column":8},"end":{"line":637,"column":37}},"494":{"start":{"line":638,"column":8},"end":{"line":638,"column":37}},"495":{"start":{"line":639,"column":8},"end":{"line":639,"column":37}},"496":{"start":{"line":640,"column":8},"end":{"line":640,"column":37}},"497":{"start":{"line":641,"column":8},"end":{"line":641,"column":37}},"498":{"start":{"line":642,"column":8},"end":{"line":642,"column":37}},"499":{"start":{"line":643,"column":8},"end":{"line":643,"column":37}},"500":{"start":{"line":644,"column":8},"end":{"line":644,"column":37}},"501":{"start":{"line":645,"column":8},"end":{"line":645,"column":37}},"502":{"start":{"line":646,"column":8},"end":{"line":646,"column":37}},"503":{"start":{"line":647,"column":8},"end":{"line":647,"column":37}},"504":{"start":{"line":648,"column":8},"end":{"line":648,"column":37}},"505":{"start":{"line":649,"column":8},"end":{"line":649,"column":37}},"506":{"start":{"line":650,"column":8},"end":{"line":650,"column":37}},"507":{"start":{"line":651,"column":8},"end":{"line":651,"column":37}},"508":{"start":{"line":652,"column":8},"end":{"line":652,"column":37}},"509":{"start":{"line":653,"column":8},"end":{"line":653,"column":37}},"510":{"start":{"line":654,"column":8},"end":{"line":654,"column":37}},"511":{"start":{"line":655,"column":8},"end":{"line":655,"column":37}},"512":{"start":{"line":656,"column":8},"end":{"line":656,"column":37}},"513":{"start":{"line":657,"column":8},"end":{"line":657,"column":37}},"514":{"start":{"line":658,"column":8},"end":{"line":658,"column":37}},"515":{"start":{"line":659,"column":8},"end":{"line":659,"column":37}},"516":{"start":{"line":660,"column":8},"end":{"line":660,"column":37}},"517":{"start":{"line":661,"column":8},"end":{"line":661,"column":37}},"518":{"start":{"line":662,"column":8},"end":{"line":662,"column":37}},"519":{"start":{"line":663,"column":8},"end":{"line":663,"column":37}},"520":{"start":{"line":664,"column":8},"end":{"line":664,"column":37}},"521":{"start":{"line":665,"column":8},"end":{"line":665,"column":37}},"522":{"start":{"line":666,"column":8},"end":{"line":666,"column":37}},"523":{"start":{"line":667,"column":8},"end":{"line":667,"column":37}},"524":{"start":{"line":668,"column":8},"end":{"line":668,"column":37}},"525":{"start":{"line":669,"column":8},"end":{"line":669,"column":37}},"526":{"start":{"line":670,"column":8},"end":{"line":670,"column":37}},"527":{"start":{"line":671,"column":8},"end":{"line":671,"column":37}},"528":{"start":{"line":672,"column":8},"end":{"line":672,"column":37}},"529":{"start":{"line":673,"column":8},"end":{"line":673,"column":37}},"530":{"start":{"line":674,"column":8},"end":{"line":674,"column":37}},"531":{"start":{"line":675,"column":8},"end":{"line":675,"column":37}},"532":{"start":{"line":676,"column":8},"end":{"line":676,"column":37}},"533":{"start":{"line":677,"column":8},"end":{"line":677,"column":37}},"534":{"start":{"line":678,"column":8},"end":{"line":678,"column":37}},"535":{"start":{"line":679,"column":8},"end":{"line":679,"column":37}},"536":{"start":{"line":680,"column":8},"end":{"line":680,"column":37}},"537":{"start":{"line":681,"column":8},"end":{"line":681,"column":37}},"538":{"start":{"line":682,"column":8},"end":{"line":682,"column":37}},"539":{"start":{"line":683,"column":8},"end":{"line":683,"column":37}},"540":{"start":{"line":684,"column":8},"end":{"line":684,"column":37}},"541":{"start":{"line":685,"column":8},"end":{"line":685,"column":37}},"542":{"start":{"line":686,"column":8},"end":{"line":686,"column":37}},"543":{"start":{"line":688,"column":8},"end":{"line":688,"column":34}},"544":{"start":{"line":689,"column":8},"end":{"line":689,"column":36}},"545":{"start":{"line":690,"column":8},"end":{"line":690,"column":36}},"546":{"start":{"line":691,"column":8},"end":{"line":691,"column":31}},"547":{"start":{"line":692,"column":8},"end":{"line":692,"column":31}},"548":{"start":{"line":693,"column":8},"end":{"line":693,"column":31}},"549":{"start":{"line":694,"column":8},"end":{"line":694,"column":31}},"550":{"start":{"line":695,"column":8},"end":{"line":695,"column":33}},"551":{"start":{"line":696,"column":8},"end":{"line":696,"column":33}},"552":{"start":{"line":697,"column":8},"end":{"line":697,"column":31}},"553":{"start":{"line":698,"column":8},"end":{"line":698,"column":31}},"554":{"start":{"line":699,"column":8},"end":{"line":699,"column":33}},"555":{"start":{"line":700,"column":8},"end":{"line":700,"column":33}},"556":{"start":{"line":701,"column":8},"end":{"line":701,"column":31}},"557":{"start":{"line":702,"column":8},"end":{"line":702,"column":31}},"558":{"start":{"line":703,"column":8},"end":{"line":703,"column":33}},"559":{"start":{"line":704,"column":8},"end":{"line":704,"column":33}},"560":{"start":{"line":705,"column":8},"end":{"line":705,"column":33}},"561":{"start":{"line":706,"column":8},"end":{"line":706,"column":33}},"562":{"start":{"line":707,"column":8},"end":{"line":707,"column":31}},"563":{"start":{"line":708,"column":8},"end":{"line":708,"column":32}},"564":{"start":{"line":709,"column":8},"end":{"line":709,"column":32}},"565":{"start":{"line":710,"column":8},"end":{"line":710,"column":32}},"566":{"start":{"line":711,"column":8},"end":{"line":711,"column":32}},"567":{"start":{"line":712,"column":8},"end":{"line":712,"column":32}},"568":{"start":{"line":713,"column":8},"end":{"line":713,"column":32}},"569":{"start":{"line":714,"column":8},"end":{"line":714,"column":34}},"570":{"start":{"line":715,"column":8},"end":{"line":715,"column":34}},"571":{"start":{"line":716,"column":8},"end":{"line":716,"column":34}},"572":{"start":{"line":717,"column":8},"end":{"line":717,"column":34}},"573":{"start":{"line":718,"column":8},"end":{"line":718,"column":42}},"574":{"start":{"line":719,"column":8},"end":{"line":719,"column":34}},"575":{"start":{"line":720,"column":8},"end":{"line":720,"column":34}},"576":{"start":{"line":721,"column":8},"end":{"line":721,"column":34}},"577":{"start":{"line":722,"column":8},"end":{"line":722,"column":34}},"578":{"start":{"line":723,"column":8},"end":{"line":723,"column":33}},"579":{"start":{"line":724,"column":8},"end":{"line":724,"column":33}},"580":{"start":{"line":725,"column":8},"end":{"line":725,"column":33}},"581":{"start":{"line":726,"column":8},"end":{"line":726,"column":33}},"582":{"start":{"line":727,"column":8},"end":{"line":727,"column":38}},"583":{"start":{"line":728,"column":8},"end":{"line":728,"column":38}},"584":{"start":{"line":729,"column":8},"end":{"line":729,"column":38}},"585":{"start":{"line":730,"column":8},"end":{"line":730,"column":39}},"586":{"start":{"line":731,"column":8},"end":{"line":731,"column":33}}},"branchMap":{}},"contracts/Stones.sol":{"l":{"55":775,"56":774,"57":774,"58":774,"59":774,"60":774,"61":774,"62":774,"63":774,"64":774,"65":774,"66":774,"67":774,"68":774,"69":774,"70":774,"85":66,"86":64,"87":64,"88":64,"98":3,"99":2,"100":2,"107":2,"116":3,"117":2,"118":2},"path":"/Users/ivanlieskov/Desktop/Pokemons/contracts/Stones.sol","s":{"1":775,"2":774,"3":774,"4":774,"5":774,"6":774,"7":774,"8":774,"9":774,"10":774,"11":774,"12":774,"13":774,"14":774,"15":774,"16":774,"17":66,"18":64,"19":64,"20":64,"21":3,"22":2,"23":2,"24":2,"25":3,"26":2,"27":2},"b":{"1":[774,1],"2":[64,2],"3":[2,1],"4":[2,1]},"f":{"1":775,"2":66,"3":3,"4":2,"5":3},"fnMap":{"1":{"name":"constructor","line":54,"loc":{"start":{"line":54,"column":4},"end":{"line":71,"column":4}}},"2":{"name":"buyStone","line":84,"loc":{"start":{"line":84,"column":4},"end":{"line":89,"column":4}}},"3":{"name":"setStonePrice","line":97,"loc":{"start":{"line":97,"column":4},"end":{"line":101,"column":4}}},"4":{"name":"getStonePrice","line":106,"loc":{"start":{"line":106,"column":4},"end":{"line":108,"column":4}}},"5":{"name":"withdrawETH","line":115,"loc":{"start":{"line":115,"column":4},"end":{"line":119,"column":4}}}},"statementMap":{"1":{"start":{"line":55,"column":8},"end":{"line":55,"column":59}},"2":{"start":{"line":56,"column":8},"end":{"line":56,"column":47}},"3":{"start":{"line":57,"column":8},"end":{"line":57,"column":44}},"4":{"start":{"line":58,"column":8},"end":{"line":58,"column":44}},"5":{"start":{"line":59,"column":8},"end":{"line":59,"column":44}},"6":{"start":{"line":60,"column":8},"end":{"line":60,"column":43}},"7":{"start":{"line":61,"column":8},"end":{"line":61,"column":45}},"8":{"start":{"line":62,"column":8},"end":{"line":62,"column":48}},"9":{"start":{"line":63,"column":8},"end":{"line":63,"column":45}},"10":{"start":{"line":64,"column":8},"end":{"line":64,"column":44}},"11":{"start":{"line":65,"column":8},"end":{"line":65,"column":44}},"12":{"start":{"line":66,"column":8},"end":{"line":66,"column":44}},"13":{"start":{"line":67,"column":8},"end":{"line":67,"column":44}},"14":{"start":{"line":68,"column":8},"end":{"line":68,"column":45}},"15":{"start":{"line":69,"column":8},"end":{"line":69,"column":44}},"16":{"start":{"line":70,"column":8},"end":{"line":70,"column":32}},"17":{"start":{"line":85,"column":8},"end":{"line":85,"column":71}},"18":{"start":{"line":86,"column":8},"end":{"line":86,"column":50}},"19":{"start":{"line":87,"column":8},"end":{"line":87,"column":45}},"20":{"start":{"line":88,"column":8},"end":{"line":88,"column":52}},"21":{"start":{"line":98,"column":8},"end":{"line":98,"column":68}},"22":{"start":{"line":99,"column":8},"end":{"line":99,"column":35}},"23":{"start":{"line":100,"column":8},"end":{"line":100,"column":60}},"24":{"start":{"line":107,"column":8},"end":{"line":107,"column":26}},"25":{"start":{"line":116,"column":8},"end":{"line":116,"column":65}},"26":{"start":{"line":117,"column":8},"end":{"line":117,"column":40}},"27":{"start":{"line":118,"column":8},"end":{"line":118,"column":50}}},"branchMap":{"1":{"line":55,"type":"if","locations":[{"start":{"line":55,"column":8},"end":{"line":55,"column":8}},{"start":{"line":55,"column":8},"end":{"line":55,"column":8}}]},"2":{"line":85,"type":"if","locations":[{"start":{"line":85,"column":8},"end":{"line":85,"column":8}},{"start":{"line":85,"column":8},"end":{"line":85,"column":8}}]},"3":{"line":98,"type":"if","locations":[{"start":{"line":98,"column":8},"end":{"line":98,"column":8}},{"start":{"line":98,"column":8},"end":{"line":98,"column":8}}]},"4":{"line":116,"type":"if","locations":[{"start":{"line":116,"column":8},"end":{"line":116,"column":8}},{"start":{"line":116,"column":8},"end":{"line":116,"column":8}}]}}}}