TN:
SF:/Users/ivanlieskov/Desktop/Pokemons/contracts/interfaces/IERC1155Burnable.sol
FNF:0
FNH:0
LF:0
LH:0
BRF:0
BRH:0
end_of_record
TN:
SF:/Users/ivanlieskov/Desktop/Pokemons/contracts/interfaces/IERC20Burnable.sol
FNF:0
FNH:0
LF:0
LH:0
BRF:0
BRH:0
end_of_record
TN:
SF:/Users/ivanlieskov/Desktop/Pokemons/contracts/Level.sol
FN:40,constructor
FN:56,buyLevelTokens
FN:69,setTokenPrice
FN:78,getTokenPrice
FN:87,withdrawETH
FNF:5
FNH:5
FNDA:707,constructor
FNDA:47,buyLevelTokens
FNDA:3,setTokenPrice
FNDA:2,getTokenPrice
FNDA:3,withdrawETH
DA:41,707
DA:42,706
DA:43,705
DA:44,705
DA:57,47
DA:58,45
DA:59,45
DA:60,45
DA:70,3
DA:71,2
DA:72,2
DA:79,2
DA:88,3
DA:89,2
DA:90,2
LF:15
LH:15
BRDA:41,1,0,706
BRDA:41,1,1,1
BRDA:42,2,0,705
BRDA:42,2,1,1
BRDA:57,3,0,45
BRDA:57,3,1,2
BRDA:70,4,0,2
BRDA:70,4,1,1
BRDA:88,5,0,2
BRDA:88,5,1,1
BRF:10
BRH:10
end_of_record
TN:
SF:/Users/ivanlieskov/Desktop/Pokemons/contracts/mocks/MockedPokemons.sol
FN:28,constructor
FN:34,mintPokemons
FNF:2
FNH:2
FNDA:477,constructor
FNDA:14,mintPokemons
DA:35,14
DA:36,14
LF:2
LH:2
BRF:0
BRH:0
end_of_record
TN:
SF:/Users/ivanlieskov/Desktop/Pokemons/contracts/Pokemons.sol
FN:99,constructor
FN:130,mintPokemon
FN:157,evolvePokemon
FN:186,evolveWithStone
FN:213,evolveWithLevel
FN:227,checkAvailableEvolve
FN:266,withdrawETH
FN:279,setMaxSupply
FN:294,setMintFee
FN:307,setEvolveLevelFee
FN:320,setNewLevelContract
FN:333,setNewStonesContract
FN:342,getMaxSupply
FN:349,getMintFee
FN:356,getEvolveLevelFee
FN:363,getLevelAddress
FN:370,getStonesAddress
FN:377,getTotalSupply
FNF:18
FNH:18
FNDA:1086,constructor
FNDA:293,mintPokemon
FNDA:15,evolvePokemon
FNDA:4,evolveWithStone
FNDA:9,evolveWithLevel
FNDA:30,checkAvailableEvolve
FNDA:3,withdrawETH
FNDA:4,setMaxSupply
FNDA:3,setMintFee
FNDA:3,setEvolveLevelFee
FNDA:3,setNewLevelContract
FNDA:3,setNewStonesContract
FNDA:1,getMaxSupply
FNDA:2,getMintFee
FNDA:2,getEvolveLevelFee
FNDA:2,getLevelAddress
FNDA:2,getStonesAddress
FNDA:1,getTotalSupply
DA:106,1086
DA:107,1085
DA:108,1084
DA:109,1083
DA:110,1083
DA:111,1083
DA:112,1083
DA:113,1083
DA:114,1083
DA:115,1083
DA:131,293
DA:132,292
DA:133,290
DA:135,290
DA:136,290
DA:137,290
DA:158,15
DA:159,15
DA:160,14
DA:161,14
DA:162,4
DA:164,9
DA:191,4
DA:192,3
DA:193,3
DA:194,3
DA:214,9
DA:215,8
DA:216,8
DA:217,8
DA:218,8
DA:228,30
DA:229,2
DA:231,1
DA:233,1
DA:235,1
DA:237,4
DA:239,1
DA:241,2
DA:243,1
DA:245,1
DA:247,1
DA:249,1
DA:251,1
DA:253,1
DA:255,1
DA:257,1
DA:267,3
DA:268,2
DA:269,2
DA:280,4
DA:281,3
DA:282,2
DA:283,2
DA:295,3
DA:296,2
DA:297,2
DA:308,3
DA:309,2
DA:310,2
DA:321,3
DA:322,2
DA:323,2
DA:334,3
DA:335,2
DA:336,2
DA:343,1
DA:350,2
DA:357,2
DA:364,2
DA:371,2
DA:378,1
LF:72
LH:72
BRDA:106,1,0,1085
BRDA:106,1,1,1
BRDA:107,2,0,1084
BRDA:107,2,1,1
BRDA:108,3,0,1083
BRDA:108,3,1,1
BRDA:109,4,0,1083
BRDA:109,4,1,0
BRDA:110,5,0,1083
BRDA:110,5,1,0
BRDA:131,6,0,292
BRDA:131,6,1,1
BRDA:132,7,0,290
BRDA:132,7,1,2
BRDA:158,8,0,15
BRDA:158,8,1,0
BRDA:159,9,0,14
BRDA:159,9,1,1
BRDA:161,10,0,4
BRDA:161,10,1,10
BRDA:163,11,0,9
BRDA:163,11,1,1
BRDA:228,12,0,2
BRDA:228,12,1,28
BRDA:230,13,0,1
BRDA:230,13,1,27
BRDA:232,14,0,1
BRDA:232,14,1,26
BRDA:234,15,0,1
BRDA:234,15,1,25
BRDA:236,16,0,4
BRDA:236,16,1,21
BRDA:238,17,0,1
BRDA:238,17,1,20
BRDA:240,18,0,2
BRDA:240,18,1,18
BRDA:242,19,0,1
BRDA:242,19,1,17
BRDA:244,20,0,1
BRDA:244,20,1,16
BRDA:246,21,0,1
BRDA:246,21,1,15
BRDA:248,22,0,1
BRDA:248,22,1,14
BRDA:250,23,0,1
BRDA:250,23,1,13
BRDA:252,24,0,1
BRDA:252,24,1,12
BRDA:254,25,0,1
BRDA:254,25,1,11
BRDA:256,26,0,1
BRDA:256,26,1,10
BRDA:267,27,0,2
BRDA:267,27,1,1
BRDA:280,28,0,3
BRDA:280,28,1,1
BRDA:281,29,0,2
BRDA:281,29,1,1
BRDA:295,30,0,2
BRDA:295,30,1,1
BRDA:308,31,0,2
BRDA:308,31,1,1
BRDA:321,32,0,2
BRDA:321,32,1,1
BRDA:334,33,0,2
BRDA:334,33,1,1
BRF:66
BRH:63
end_of_record
TN:
SF:/Users/ivanlieskov/Desktop/Pokemons/contracts/PokemonStorage.sol
FN:32,isEvolveNotAvailable
FN:39,isThunderEvolveAvailable
FN:46,isMoonEvolveAvailable
FN:53,isFireEvolveAvailable
FN:60,isLeafEvolveAvailable
FN:67,isSunEvolveAvailable
FN:74,isWaterEvolveAvailable
FN:81,isBlackAuguriteEvolveAvailable
FN:88,isShinyEvolveAvailable
FN:95,isDuskEvolveAvailable
FN:102,isRazorClawEvolveAvailable
FN:109,isPeatBlockEvolveAvailable
FN:116,isTartAppleEvolveAvailable
FN:123,isCrackedPotEvolveAvailable
FN:130,isOvalEvolveAvailable
FN:137,uri
FN:152,constructor
FNF:17
FNH:17
FNDA:556,isEvolveNotAvailable
FNDA:32,isThunderEvolveAvailable
FNDA:34,isMoonEvolveAvailable
FNDA:31,isFireEvolveAvailable
FNDA:35,isLeafEvolveAvailable
FNDA:27,isSunEvolveAvailable
FNDA:28,isWaterEvolveAvailable
FNDA:20,isBlackAuguriteEvolveAvailable
FNDA:22,isShinyEvolveAvailable
FNDA:21,isDuskEvolveAvailable
FNDA:17,isRazorClawEvolveAvailable
FNDA:16,isPeatBlockEvolveAvailable
FNDA:15,isTartAppleEvolveAvailable
FNDA:14,isCrackedPotEvolveAvailable
FNDA:13,isOvalEvolveAvailable
FNDA:1,uri
FNDA:1086,constructor
DA:33,556
DA:40,32
DA:47,34
DA:54,31
DA:61,35
DA:68,27
DA:75,28
DA:82,20
DA:89,22
DA:96,21
DA:103,17
DA:110,16
DA:117,15
DA:124,14
DA:131,13
DA:138,1
DA:153,1086
DA:154,1086
DA:155,1086
DA:156,1086
DA:157,1086
DA:158,1086
DA:159,1086
DA:160,1086
DA:161,1086
DA:162,1086
DA:163,1086
DA:164,1086
DA:165,1086
DA:166,1086
DA:167,1086
DA:168,1086
DA:169,1086
DA:170,1086
DA:171,1086
DA:172,1086
DA:173,1086
DA:174,1086
DA:175,1086
DA:176,1086
DA:177,1086
DA:178,1086
DA:179,1086
DA:180,1086
DA:181,1086
DA:182,1086
DA:183,1086
DA:184,1086
DA:185,1086
DA:186,1086
DA:187,1086
DA:188,1086
DA:189,1086
DA:190,1086
DA:191,1086
DA:192,1086
DA:193,1086
DA:194,1086
DA:195,1086
DA:197,1086
DA:198,1086
DA:199,1086
DA:200,1086
DA:201,1086
DA:202,1086
DA:203,1086
DA:204,1086
DA:205,1086
DA:206,1086
DA:207,1086
DA:208,1086
DA:209,1086
DA:210,1086
DA:211,1086
DA:212,1086
DA:213,1086
DA:214,1086
DA:215,1086
DA:216,1086
DA:217,1086
DA:218,1086
DA:219,1086
DA:220,1086
DA:221,1086
DA:222,1086
DA:223,1086
DA:224,1086
DA:225,1086
DA:226,1086
DA:227,1086
DA:228,1086
DA:229,1086
DA:230,1086
DA:231,1086
DA:232,1086
DA:233,1086
DA:234,1086
DA:235,1086
DA:236,1086
DA:237,1086
DA:238,1086
DA:239,1086
DA:240,1086
DA:241,1086
DA:242,1086
DA:243,1086
DA:244,1086
DA:245,1086
DA:246,1086
DA:247,1086
DA:248,1086
DA:249,1086
DA:250,1086
DA:251,1086
DA:252,1086
DA:253,1086
DA:254,1086
DA:255,1086
DA:256,1086
DA:257,1086
DA:258,1086
DA:259,1086
DA:260,1086
DA:261,1086
DA:262,1086
DA:264,1086
DA:265,1086
DA:266,1086
DA:267,1086
DA:268,1086
DA:269,1086
DA:270,1086
DA:271,1086
DA:272,1086
DA:273,1086
DA:274,1086
DA:275,1086
DA:276,1086
DA:277,1086
DA:278,1086
DA:279,1086
DA:280,1086
DA:281,1086
DA:282,1086
DA:283,1086
DA:284,1086
DA:285,1086
DA:286,1086
DA:287,1086
DA:288,1086
DA:289,1086
DA:290,1086
DA:291,1086
DA:292,1086
DA:293,1086
DA:294,1086
DA:295,1086
DA:296,1086
DA:297,1086
DA:298,1086
DA:299,1086
DA:300,1086
DA:301,1086
DA:302,1086
DA:303,1086
DA:304,1086
DA:305,1086
DA:306,1086
DA:307,1086
DA:308,1086
DA:309,1086
DA:310,1086
DA:311,1086
DA:312,1086
DA:313,1086
DA:314,1086
DA:315,1086
DA:316,1086
DA:317,1086
DA:318,1086
DA:319,1086
DA:320,1086
DA:321,1086
DA:323,1086
DA:324,1086
DA:325,1086
DA:326,1086
DA:327,1086
DA:328,1086
DA:329,1086
DA:330,1086
DA:331,1086
DA:332,1086
DA:333,1086
DA:334,1086
DA:335,1086
DA:336,1086
DA:337,1086
DA:338,1086
DA:339,1086
DA:340,1086
DA:341,1086
DA:342,1086
DA:343,1086
DA:344,1086
DA:345,1086
DA:346,1086
DA:347,1086
DA:348,1086
DA:349,1086
DA:350,1086
DA:351,1086
DA:352,1086
DA:353,1086
DA:354,1086
DA:355,1086
DA:356,1086
DA:357,1086
DA:358,1086
DA:359,1086
DA:360,1086
DA:361,1086
DA:362,1086
DA:363,1086
DA:364,1086
DA:365,1086
DA:366,1086
DA:367,1086
DA:368,1086
DA:369,1086
DA:370,1086
DA:371,1086
DA:372,1086
DA:373,1086
DA:374,1086
DA:375,1086
DA:376,1086
DA:377,1086
DA:378,1086
DA:379,1086
DA:380,1086
DA:381,1086
DA:383,1086
DA:384,1086
DA:385,1086
DA:386,1086
DA:387,1086
DA:388,1086
DA:389,1086
DA:390,1086
DA:391,1086
DA:392,1086
DA:393,1086
DA:394,1086
DA:395,1086
DA:396,1086
DA:397,1086
DA:398,1086
DA:399,1086
DA:400,1086
DA:401,1086
DA:402,1086
DA:403,1086
DA:404,1086
DA:405,1086
DA:406,1086
DA:407,1086
DA:408,1086
DA:409,1086
DA:410,1086
DA:411,1086
DA:412,1086
DA:413,1086
DA:414,1086
DA:415,1086
DA:416,1086
DA:417,1086
DA:418,1086
DA:419,1086
DA:420,1086
DA:421,1086
DA:422,1086
DA:423,1086
DA:424,1086
DA:425,1086
DA:426,1086
DA:427,1086
DA:428,1086
DA:429,1086
DA:430,1086
DA:431,1086
DA:432,1086
DA:433,1086
DA:434,1086
DA:435,1086
DA:436,1086
DA:437,1086
DA:438,1086
DA:439,1086
DA:440,1086
DA:441,1086
DA:442,1086
DA:443,1086
DA:444,1086
DA:445,1086
DA:446,1086
DA:447,1086
DA:448,1086
DA:449,1086
DA:450,1086
DA:451,1086
DA:453,1086
DA:454,1086
DA:455,1086
DA:456,1086
DA:457,1086
DA:458,1086
DA:459,1086
DA:460,1086
DA:461,1086
DA:462,1086
DA:463,1086
DA:464,1086
DA:465,1086
DA:466,1086
DA:467,1086
DA:468,1086
DA:469,1086
DA:470,1086
DA:471,1086
DA:472,1086
DA:473,1086
DA:474,1086
DA:475,1086
DA:476,1086
DA:477,1086
DA:478,1086
DA:479,1086
DA:480,1086
DA:481,1086
DA:482,1086
DA:483,1086
DA:484,1086
DA:485,1086
DA:486,1086
DA:487,1086
DA:488,1086
DA:489,1086
DA:490,1086
DA:491,1086
DA:492,1086
DA:493,1086
DA:494,1086
DA:495,1086
DA:496,1086
DA:497,1086
DA:498,1086
DA:499,1086
DA:500,1086
DA:502,1086
DA:503,1086
DA:504,1086
DA:505,1086
DA:506,1086
DA:507,1086
DA:508,1086
DA:509,1086
DA:510,1086
DA:511,1086
DA:512,1086
DA:513,1086
DA:514,1086
DA:515,1086
DA:516,1086
DA:517,1086
DA:518,1086
DA:519,1086
DA:520,1086
DA:521,1086
DA:522,1086
DA:523,1086
DA:524,1086
DA:525,1086
DA:526,1086
DA:527,1086
DA:528,1086
DA:529,1086
DA:530,1086
DA:531,1086
DA:532,1086
DA:533,1086
DA:534,1086
DA:535,1086
DA:536,1086
DA:537,1086
DA:538,1086
DA:539,1086
DA:540,1086
DA:541,1086
DA:542,1086
DA:543,1086
DA:544,1086
DA:545,1086
DA:546,1086
DA:547,1086
DA:548,1086
DA:549,1086
DA:550,1086
DA:551,1086
DA:552,1086
DA:553,1086
DA:554,1086
DA:555,1086
DA:557,1086
DA:558,1086
DA:559,1086
DA:560,1086
DA:561,1086
DA:562,1086
DA:563,1086
DA:564,1086
DA:565,1086
DA:566,1086
DA:567,1086
DA:568,1086
DA:569,1086
DA:570,1086
DA:571,1086
DA:572,1086
DA:573,1086
DA:574,1086
DA:575,1086
DA:576,1086
DA:577,1086
DA:578,1086
DA:579,1086
DA:580,1086
DA:581,1086
DA:582,1086
DA:583,1086
DA:584,1086
DA:585,1086
DA:586,1086
DA:587,1086
DA:588,1086
DA:589,1086
DA:590,1086
DA:591,1086
DA:592,1086
DA:593,1086
DA:594,1086
DA:595,1086
DA:596,1086
DA:597,1086
DA:598,1086
DA:599,1086
DA:600,1086
DA:601,1086
DA:602,1086
DA:603,1086
DA:604,1086
DA:605,1086
DA:606,1086
DA:607,1086
DA:608,1086
DA:609,1086
DA:610,1086
DA:611,1086
DA:612,1086
DA:613,1086
DA:614,1086
DA:615,1086
DA:616,1086
DA:618,1086
DA:619,1086
DA:620,1086
DA:621,1086
DA:622,1086
DA:623,1086
DA:624,1086
DA:625,1086
DA:626,1086
DA:627,1086
DA:628,1086
DA:629,1086
DA:630,1086
DA:631,1086
DA:632,1086
DA:633,1086
DA:634,1086
DA:635,1086
DA:636,1086
DA:637,1086
DA:638,1086
DA:639,1086
DA:640,1086
DA:641,1086
DA:642,1086
DA:643,1086
DA:644,1086
DA:645,1086
DA:646,1086
DA:647,1086
DA:648,1086
DA:649,1086
DA:650,1086
DA:651,1086
DA:652,1086
DA:653,1086
DA:654,1086
DA:655,1086
DA:656,1086
DA:657,1086
DA:658,1086
DA:659,1086
DA:660,1086
DA:661,1086
DA:662,1086
DA:663,1086
DA:664,1086
DA:665,1086
DA:666,1086
DA:667,1086
DA:668,1086
DA:669,1086
DA:670,1086
DA:671,1086
DA:672,1086
DA:673,1086
DA:674,1086
DA:675,1086
DA:676,1086
DA:677,1086
DA:678,1086
DA:679,1086
DA:680,1086
DA:681,1086
DA:682,1086
DA:683,1086
DA:684,1086
DA:685,1086
DA:686,1086
DA:688,1086
DA:689,1086
DA:690,1086
DA:691,1086
DA:692,1086
DA:693,1086
DA:694,1086
DA:695,1086
DA:696,1086
DA:697,1086
DA:698,1086
DA:699,1086
DA:700,1086
DA:701,1086
DA:702,1086
DA:703,1086
DA:704,1086
DA:705,1086
DA:706,1086
DA:707,1086
DA:708,1086
DA:709,1086
DA:710,1086
DA:711,1086
DA:712,1086
DA:713,1086
DA:714,1086
DA:715,1086
DA:716,1086
DA:717,1086
DA:718,1086
DA:719,1086
DA:720,1086
DA:721,1086
DA:722,1086
DA:723,1086
DA:724,1086
DA:725,1086
DA:726,1086
DA:727,1086
DA:728,1086
DA:729,1086
DA:730,1086
DA:731,1086
LF:586
LH:586
BRF:0
BRH:0
end_of_record
TN:
SF:/Users/ivanlieskov/Desktop/Pokemons/contracts/Stones.sol
FN:54,constructor
FN:84,buyStone
FN:97,setStonePrice
FN:106,getStonePrice
FN:115,withdrawETH
FNF:5
FNH:5
FNDA:775,constructor
FNDA:66,buyStone
FNDA:3,setStonePrice
FNDA:2,getStonePrice
FNDA:3,withdrawETH
DA:55,775
DA:56,774
DA:57,774
DA:58,774
DA:59,774
DA:60,774
DA:61,774
DA:62,774
DA:63,774
DA:64,774
DA:65,774
DA:66,774
DA:67,774
DA:68,774
DA:69,774
DA:70,774
DA:85,66
DA:86,64
DA:87,64
DA:88,64
DA:98,3
DA:99,2
DA:100,2
DA:107,2
DA:116,3
DA:117,2
DA:118,2
LF:27
LH:27
BRDA:55,1,0,774
BRDA:55,1,1,1
BRDA:85,2,0,64
BRDA:85,2,1,2
BRDA:98,3,0,2
BRDA:98,3,1,1
BRDA:116,4,0,2
BRDA:116,4,1,1
BRF:8
BRH:8
end_of_record
